mode: set
github.com/F5Networks/terraform-provider-bigip/bigip/resource_bigip_fast_tcp.go:22.49,172.2 1 1
github.com/F5Networks/terraform-provider-bigip/bigip/resource_bigip_fast_tcp.go:174.84,184.16 8 0
github.com/F5Networks/terraform-provider-bigip/bigip/resource_bigip_fast_tcp.go:187.2,188.16 2 0
github.com/F5Networks/terraform-provider-bigip/bigip/resource_bigip_fast_tcp.go:191.2,196.18 5 0
github.com/F5Networks/terraform-provider-bigip/bigip/resource_bigip_fast_tcp.go:219.2,219.45 1 0
github.com/F5Networks/terraform-provider-bigip/bigip/resource_bigip_fast_tcp.go:184.16,186.3 1 0
github.com/F5Networks/terraform-provider-bigip/bigip/resource_bigip_fast_tcp.go:188.16,190.3 1 0
github.com/F5Networks/terraform-provider-bigip/bigip/resource_bigip_fast_tcp.go:196.18,214.17 9 0
github.com/F5Networks/terraform-provider-bigip/bigip/resource_bigip_fast_tcp.go:214.17,216.4 1 0
github.com/F5Networks/terraform-provider-bigip/bigip/resource_bigip_fast_tcp.go:222.82,232.16 9 0
github.com/F5Networks/terraform-provider-bigip/bigip/resource_bigip_fast_tcp.go:241.2,241.20 1 0
github.com/F5Networks/terraform-provider-bigip/bigip/resource_bigip_fast_tcp.go:246.2,248.16 3 0
github.com/F5Networks/terraform-provider-bigip/bigip/resource_bigip_fast_tcp.go:251.2,252.16 2 0
github.com/F5Networks/terraform-provider-bigip/bigip/resource_bigip_fast_tcp.go:255.2,255.12 1 0
github.com/F5Networks/terraform-provider-bigip/bigip/resource_bigip_fast_tcp.go:232.16,234.52 2 0
github.com/F5Networks/terraform-provider-bigip/bigip/resource_bigip_fast_tcp.go:239.3,239.13 1 0
github.com/F5Networks/terraform-provider-bigip/bigip/resource_bigip_fast_tcp.go:234.52,238.4 3 0
github.com/F5Networks/terraform-provider-bigip/bigip/resource_bigip_fast_tcp.go:241.20,245.3 3 0
github.com/F5Networks/terraform-provider-bigip/bigip/resource_bigip_fast_tcp.go:248.16,250.3 1 0
github.com/F5Networks/terraform-provider-bigip/bigip/resource_bigip_fast_tcp.go:252.16,254.3 1 0
github.com/F5Networks/terraform-provider-bigip/bigip/resource_bigip_fast_tcp.go:258.84,265.16 6 0
github.com/F5Networks/terraform-provider-bigip/bigip/resource_bigip_fast_tcp.go:268.2,272.16 4 0
github.com/F5Networks/terraform-provider-bigip/bigip/resource_bigip_fast_tcp.go:276.2,276.45 1 0
github.com/F5Networks/terraform-provider-bigip/bigip/resource_bigip_fast_tcp.go:265.16,267.3 1 0
github.com/F5Networks/terraform-provider-bigip/bigip/resource_bigip_fast_tcp.go:272.16,274.3 1 0
github.com/F5Networks/terraform-provider-bigip/bigip/resource_bigip_fast_tcp.go:279.84,286.16 7 0
github.com/F5Networks/terraform-provider-bigip/bigip/resource_bigip_fast_tcp.go:289.2,290.45 2 0
github.com/F5Networks/terraform-provider-bigip/bigip/resource_bigip_fast_tcp.go:286.16,288.3 1 0
github.com/F5Networks/terraform-provider-bigip/bigip/resource_bigip_fast_tcp.go:293.92,300.16 6 0
github.com/F5Networks/terraform-provider-bigip/bigip/resource_bigip_fast_tcp.go:309.2,309.16 1 0
github.com/F5Networks/terraform-provider-bigip/bigip/resource_bigip_fast_tcp.go:314.2,314.18 1 0
github.com/F5Networks/terraform-provider-bigip/bigip/resource_bigip_fast_tcp.go:300.16,302.52 2 0
github.com/F5Networks/terraform-provider-bigip/bigip/resource_bigip_fast_tcp.go:307.3,307.20 1 0
github.com/F5Networks/terraform-provider-bigip/bigip/resource_bigip_fast_tcp.go:302.52,306.4 3 0
github.com/F5Networks/terraform-provider-bigip/bigip/resource_bigip_fast_tcp.go:309.16,313.3 3 0
github.com/F5Networks/terraform-provider-bigip/bigip/resource_bigip_fast_tcp.go:317.75,335.2 16 0
github.com/F5Networks/terraform-provider-bigip/bigip/resource_bigip_fast_tcp.go:337.65,344.44 2 0
github.com/F5Networks/terraform-provider-bigip/bigip/resource_bigip_fast_tcp.go:352.2,355.48 4 0
github.com/F5Networks/terraform-provider-bigip/bigip/resource_bigip_fast_tcp.go:360.2,360.47 1 0
github.com/F5Networks/terraform-provider-bigip/bigip/resource_bigip_fast_tcp.go:370.2,371.43 2 0
github.com/F5Networks/terraform-provider-bigip/bigip/resource_bigip_fast_tcp.go:376.2,376.42 1 0
github.com/F5Networks/terraform-provider-bigip/bigip/resource_bigip_fast_tcp.go:404.2,406.46 3 0
github.com/F5Networks/terraform-provider-bigip/bigip/resource_bigip_fast_tcp.go:410.2,410.37 1 0
github.com/F5Networks/terraform-provider-bigip/bigip/resource_bigip_fast_tcp.go:417.2,417.49 1 0
github.com/F5Networks/terraform-provider-bigip/bigip/resource_bigip_fast_tcp.go:420.2,420.44 1 0
github.com/F5Networks/terraform-provider-bigip/bigip/resource_bigip_fast_tcp.go:424.2,425.16 2 0
github.com/F5Networks/terraform-provider-bigip/bigip/resource_bigip_fast_tcp.go:429.2,429.26 1 0
github.com/F5Networks/terraform-provider-bigip/bigip/resource_bigip_fast_tcp.go:344.44,346.24 2 0
github.com/F5Networks/terraform-provider-bigip/bigip/resource_bigip_fast_tcp.go:346.24,349.4 2 0
github.com/F5Networks/terraform-provider-bigip/bigip/resource_bigip_fast_tcp.go:355.48,359.3 3 0
github.com/F5Networks/terraform-provider-bigip/bigip/resource_bigip_fast_tcp.go:360.47,364.42 4 0
github.com/F5Networks/terraform-provider-bigip/bigip/resource_bigip_fast_tcp.go:367.3,367.34 1 0
github.com/F5Networks/terraform-provider-bigip/bigip/resource_bigip_fast_tcp.go:364.42,366.4 1 0
github.com/F5Networks/terraform-provider-bigip/bigip/resource_bigip_fast_tcp.go:371.43,375.3 3 0
github.com/F5Networks/terraform-provider-bigip/bigip/resource_bigip_fast_tcp.go:376.42,381.44 5 0
github.com/F5Networks/terraform-provider-bigip/bigip/resource_bigip_fast_tcp.go:401.3,401.32 1 0
github.com/F5Networks/terraform-provider-bigip/bigip/resource_bigip_fast_tcp.go:381.44,385.81 4 0
github.com/F5Networks/terraform-provider-bigip/bigip/resource_bigip_fast_tcp.go:388.4,390.73 3 0
github.com/F5Networks/terraform-provider-bigip/bigip/resource_bigip_fast_tcp.go:393.4,393.71 1 0
github.com/F5Networks/terraform-provider-bigip/bigip/resource_bigip_fast_tcp.go:396.4,396.69 1 0
github.com/F5Networks/terraform-provider-bigip/bigip/resource_bigip_fast_tcp.go:399.4,399.43 1 0
github.com/F5Networks/terraform-provider-bigip/bigip/resource_bigip_fast_tcp.go:385.81,387.5 1 0
github.com/F5Networks/terraform-provider-bigip/bigip/resource_bigip_fast_tcp.go:390.73,392.5 1 0
github.com/F5Networks/terraform-provider-bigip/bigip/resource_bigip_fast_tcp.go:393.71,395.5 1 0
github.com/F5Networks/terraform-provider-bigip/bigip/resource_bigip_fast_tcp.go:396.69,398.5 1 0
github.com/F5Networks/terraform-provider-bigip/bigip/resource_bigip_fast_tcp.go:406.46,409.3 2 0
github.com/F5Networks/terraform-provider-bigip/bigip/resource_bigip_fast_tcp.go:410.37,416.3 5 0
github.com/F5Networks/terraform-provider-bigip/bigip/resource_bigip_fast_tcp.go:417.49,419.3 1 0
github.com/F5Networks/terraform-provider-bigip/bigip/resource_bigip_fast_tcp.go:420.44,422.3 1 0
github.com/F5Networks/terraform-provider-bigip/bigip/resource_bigip_fast_tcp.go:425.16,427.3 1 0
github.com/F5Networks/terraform-provider-bigip/bigip/resource_bigip_ltm_snatpool.go:17.50,46.2 1 1
github.com/F5Networks/terraform-provider-bigip/bigip/resource_bigip_ltm_snatpool.go:48.85,57.16 6 0
github.com/F5Networks/terraform-provider-bigip/bigip/resource_bigip_ltm_snatpool.go:62.2,64.46 2 0
github.com/F5Networks/terraform-provider-bigip/bigip/resource_bigip_ltm_snatpool.go:57.16,60.3 2 0
github.com/F5Networks/terraform-provider-bigip/bigip/resource_bigip_ltm_snatpool.go:67.85,80.16 6 0
github.com/F5Networks/terraform-provider-bigip/bigip/resource_bigip_ltm_snatpool.go:85.2,85.46 1 0
github.com/F5Networks/terraform-provider-bigip/bigip/resource_bigip_ltm_snatpool.go:80.16,83.3 2 0
github.com/F5Networks/terraform-provider-bigip/bigip/resource_bigip_ltm_snatpool.go:88.83,96.16 5 0
github.com/F5Networks/terraform-provider-bigip/bigip/resource_bigip_ltm_snatpool.go:100.2,100.21 1 0
github.com/F5Networks/terraform-provider-bigip/bigip/resource_bigip_ltm_snatpool.go:105.2,106.59 2 0
github.com/F5Networks/terraform-provider-bigip/bigip/resource_bigip_ltm_snatpool.go:110.2,110.12 1 0
github.com/F5Networks/terraform-provider-bigip/bigip/resource_bigip_ltm_snatpool.go:96.16,99.3 2 0
github.com/F5Networks/terraform-provider-bigip/bigip/resource_bigip_ltm_snatpool.go:100.21,104.3 3 0
github.com/F5Networks/terraform-provider-bigip/bigip/resource_bigip_ltm_snatpool.go:106.59,108.3 1 0
github.com/F5Networks/terraform-provider-bigip/bigip/resource_bigip_ltm_snatpool.go:114.85,120.16 4 0
github.com/F5Networks/terraform-provider-bigip/bigip/resource_bigip_ltm_snatpool.go:124.2,125.12 2 0
github.com/F5Networks/terraform-provider-bigip/bigip/resource_bigip_ltm_snatpool.go:120.16,123.3 2 0
github.com/F5Networks/terraform-provider-bigip/bigip/resource_bigip_fast_https.go:23.51,280.2 1 1
github.com/F5Networks/terraform-provider-bigip/bigip/resource_bigip_fast_https.go:282.86,285.16 3 0
github.com/F5Networks/terraform-provider-bigip/bigip/resource_bigip_fast_https.go:288.2,294.16 7 0
github.com/F5Networks/terraform-provider-bigip/bigip/resource_bigip_fast_https.go:297.2,303.58 7 0
github.com/F5Networks/terraform-provider-bigip/bigip/resource_bigip_fast_https.go:306.2,306.58 1 0
github.com/F5Networks/terraform-provider-bigip/bigip/resource_bigip_fast_https.go:309.2,309.18 1 0
github.com/F5Networks/terraform-provider-bigip/bigip/resource_bigip_fast_https.go:332.2,332.46 1 0
github.com/F5Networks/terraform-provider-bigip/bigip/resource_bigip_fast_https.go:285.16,287.3 1 0
github.com/F5Networks/terraform-provider-bigip/bigip/resource_bigip_fast_https.go:294.16,296.3 1 0
github.com/F5Networks/terraform-provider-bigip/bigip/resource_bigip_fast_https.go:303.58,305.3 1 0
github.com/F5Networks/terraform-provider-bigip/bigip/resource_bigip_fast_https.go:306.58,308.3 1 0
github.com/F5Networks/terraform-provider-bigip/bigip/resource_bigip_fast_https.go:309.18,328.17 9 0
github.com/F5Networks/terraform-provider-bigip/bigip/resource_bigip_fast_https.go:328.17,330.4 1 0
github.com/F5Networks/terraform-provider-bigip/bigip/resource_bigip_fast_https.go:335.84,344.16 9 0
github.com/F5Networks/terraform-provider-bigip/bigip/resource_bigip_fast_https.go:353.2,353.20 1 0
github.com/F5Networks/terraform-provider-bigip/bigip/resource_bigip_fast_https.go:358.2,360.16 3 0
github.com/F5Networks/terraform-provider-bigip/bigip/resource_bigip_fast_https.go:363.2,364.16 2 0
github.com/F5Networks/terraform-provider-bigip/bigip/resource_bigip_fast_https.go:367.2,367.12 1 0
github.com/F5Networks/terraform-provider-bigip/bigip/resource_bigip_fast_https.go:344.16,346.52 2 0
github.com/F5Networks/terraform-provider-bigip/bigip/resource_bigip_fast_https.go:351.3,351.13 1 0
github.com/F5Networks/terraform-provider-bigip/bigip/resource_bigip_fast_https.go:346.52,350.4 3 0
github.com/F5Networks/terraform-provider-bigip/bigip/resource_bigip_fast_https.go:353.20,357.3 3 0
github.com/F5Networks/terraform-provider-bigip/bigip/resource_bigip_fast_https.go:360.16,362.3 1 0
github.com/F5Networks/terraform-provider-bigip/bigip/resource_bigip_fast_https.go:364.16,366.3 1 0
github.com/F5Networks/terraform-provider-bigip/bigip/resource_bigip_fast_https.go:370.86,373.14 3 0
github.com/F5Networks/terraform-provider-bigip/bigip/resource_bigip_fast_https.go:376.2,382.16 7 0
github.com/F5Networks/terraform-provider-bigip/bigip/resource_bigip_fast_https.go:385.2,385.42 1 0
github.com/F5Networks/terraform-provider-bigip/bigip/resource_bigip_fast_https.go:373.14,375.3 1 0
github.com/F5Networks/terraform-provider-bigip/bigip/resource_bigip_fast_https.go:382.16,384.3 1 0
github.com/F5Networks/terraform-provider-bigip/bigip/resource_bigip_fast_https.go:388.86,395.16 7 0
github.com/F5Networks/terraform-provider-bigip/bigip/resource_bigip_fast_https.go:398.2,399.12 2 0
github.com/F5Networks/terraform-provider-bigip/bigip/resource_bigip_fast_https.go:395.16,397.3 1 0
github.com/F5Networks/terraform-provider-bigip/bigip/resource_bigip_fast_https.go:402.94,408.16 6 0
github.com/F5Networks/terraform-provider-bigip/bigip/resource_bigip_fast_https.go:417.2,418.20 2 0
github.com/F5Networks/terraform-provider-bigip/bigip/resource_bigip_fast_https.go:422.2,422.18 1 0
github.com/F5Networks/terraform-provider-bigip/bigip/resource_bigip_fast_https.go:408.16,410.52 2 0
github.com/F5Networks/terraform-provider-bigip/bigip/resource_bigip_fast_https.go:415.3,415.20 1 0
github.com/F5Networks/terraform-provider-bigip/bigip/resource_bigip_fast_https.go:410.52,414.4 3 0
github.com/F5Networks/terraform-provider-bigip/bigip/resource_bigip_fast_https.go:418.20,421.3 2 0
github.com/F5Networks/terraform-provider-bigip/bigip/resource_bigip_fast_https.go:425.78,430.96 5 0
github.com/F5Networks/terraform-provider-bigip/bigip/resource_bigip_fast_https.go:433.2,441.48 9 0
github.com/F5Networks/terraform-provider-bigip/bigip/resource_bigip_fast_https.go:446.2,447.48 2 0
github.com/F5Networks/terraform-provider-bigip/bigip/resource_bigip_fast_https.go:452.2,452.58 1 0
github.com/F5Networks/terraform-provider-bigip/bigip/resource_bigip_fast_https.go:455.2,455.49 1 0
github.com/F5Networks/terraform-provider-bigip/bigip/resource_bigip_fast_https.go:458.2,459.44 2 0
github.com/F5Networks/terraform-provider-bigip/bigip/resource_bigip_fast_https.go:462.2,463.37 2 0
github.com/F5Networks/terraform-provider-bigip/bigip/resource_bigip_fast_https.go:468.2,468.12 1 0
github.com/F5Networks/terraform-provider-bigip/bigip/resource_bigip_fast_https.go:430.96,432.3 1 0
github.com/F5Networks/terraform-provider-bigip/bigip/resource_bigip_fast_https.go:441.48,442.103 1 0
github.com/F5Networks/terraform-provider-bigip/bigip/resource_bigip_fast_https.go:442.103,444.4 1 0
github.com/F5Networks/terraform-provider-bigip/bigip/resource_bigip_fast_https.go:447.48,448.103 1 0
github.com/F5Networks/terraform-provider-bigip/bigip/resource_bigip_fast_https.go:448.103,450.4 1 0
github.com/F5Networks/terraform-provider-bigip/bigip/resource_bigip_fast_https.go:452.58,454.3 1 0
github.com/F5Networks/terraform-provider-bigip/bigip/resource_bigip_fast_https.go:455.49,457.3 1 0
github.com/F5Networks/terraform-provider-bigip/bigip/resource_bigip_fast_https.go:459.44,461.3 1 0
github.com/F5Networks/terraform-provider-bigip/bigip/resource_bigip_fast_https.go:463.37,464.83 1 0
github.com/F5Networks/terraform-provider-bigip/bigip/resource_bigip_fast_https.go:464.83,466.4 1 0
github.com/F5Networks/terraform-provider-bigip/bigip/resource_bigip_fast_https.go:471.82,476.2 4 0
github.com/F5Networks/terraform-provider-bigip/bigip/resource_bigip_fast_https.go:478.65,489.44 7 0
github.com/F5Networks/terraform-provider-bigip/bigip/resource_bigip_fast_https.go:496.2,496.57 1 0
github.com/F5Networks/terraform-provider-bigip/bigip/resource_bigip_fast_https.go:499.2,499.48 1 0
github.com/F5Networks/terraform-provider-bigip/bigip/resource_bigip_fast_https.go:508.2,508.57 1 0
github.com/F5Networks/terraform-provider-bigip/bigip/resource_bigip_fast_https.go:512.2,512.48 1 0
github.com/F5Networks/terraform-provider-bigip/bigip/resource_bigip_fast_https.go:522.2,522.49 1 0
github.com/F5Networks/terraform-provider-bigip/bigip/resource_bigip_fast_https.go:529.2,529.58 1 0
github.com/F5Networks/terraform-provider-bigip/bigip/resource_bigip_fast_https.go:534.2,534.49 1 0
github.com/F5Networks/terraform-provider-bigip/bigip/resource_bigip_fast_https.go:544.2,545.43 2 0
github.com/F5Networks/terraform-provider-bigip/bigip/resource_bigip_fast_https.go:550.2,550.42 1 0
github.com/F5Networks/terraform-provider-bigip/bigip/resource_bigip_fast_https.go:575.2,578.48 4 0
github.com/F5Networks/terraform-provider-bigip/bigip/resource_bigip_fast_https.go:584.2,584.47 1 0
github.com/F5Networks/terraform-provider-bigip/bigip/resource_bigip_fast_https.go:594.2,596.46 3 0
github.com/F5Networks/terraform-provider-bigip/bigip/resource_bigip_fast_https.go:601.2,601.37 1 0
github.com/F5Networks/terraform-provider-bigip/bigip/resource_bigip_fast_https.go:634.2,634.49 1 0
github.com/F5Networks/terraform-provider-bigip/bigip/resource_bigip_fast_https.go:637.2,637.44 1 0
github.com/F5Networks/terraform-provider-bigip/bigip/resource_bigip_fast_https.go:640.2,640.51 1 0
github.com/F5Networks/terraform-provider-bigip/bigip/resource_bigip_fast_https.go:648.2,649.16 2 0
github.com/F5Networks/terraform-provider-bigip/bigip/resource_bigip_fast_https.go:652.2,652.26 1 0
github.com/F5Networks/terraform-provider-bigip/bigip/resource_bigip_fast_https.go:489.44,491.24 2 0
github.com/F5Networks/terraform-provider-bigip/bigip/resource_bigip_fast_https.go:491.24,494.4 2 0
github.com/F5Networks/terraform-provider-bigip/bigip/resource_bigip_fast_https.go:496.57,498.3 1 0
github.com/F5Networks/terraform-provider-bigip/bigip/resource_bigip_fast_https.go:499.48,503.28 4 0
github.com/F5Networks/terraform-provider-bigip/bigip/resource_bigip_fast_https.go:503.28,506.4 2 0
github.com/F5Networks/terraform-provider-bigip/bigip/resource_bigip_fast_https.go:508.57,511.3 2 0
github.com/F5Networks/terraform-provider-bigip/bigip/resource_bigip_fast_https.go:512.48,517.31 5 0
github.com/F5Networks/terraform-provider-bigip/bigip/resource_bigip_fast_https.go:517.31,520.4 2 0
github.com/F5Networks/terraform-provider-bigip/bigip/resource_bigip_fast_https.go:522.49,524.44 2 0
github.com/F5Networks/terraform-provider-bigip/bigip/resource_bigip_fast_https.go:527.3,527.45 1 0
github.com/F5Networks/terraform-provider-bigip/bigip/resource_bigip_fast_https.go:524.44,526.4 1 0
github.com/F5Networks/terraform-provider-bigip/bigip/resource_bigip_fast_https.go:529.58,533.3 3 0
github.com/F5Networks/terraform-provider-bigip/bigip/resource_bigip_fast_https.go:534.49,540.29 5 0
github.com/F5Networks/terraform-provider-bigip/bigip/resource_bigip_fast_https.go:540.29,542.4 1 0
github.com/F5Networks/terraform-provider-bigip/bigip/resource_bigip_fast_https.go:545.43,549.3 3 0
github.com/F5Networks/terraform-provider-bigip/bigip/resource_bigip_fast_https.go:550.42,554.44 4 0
github.com/F5Networks/terraform-provider-bigip/bigip/resource_bigip_fast_https.go:573.3,573.33 1 0
github.com/F5Networks/terraform-provider-bigip/bigip/resource_bigip_fast_https.go:554.44,557.81 3 0
github.com/F5Networks/terraform-provider-bigip/bigip/resource_bigip_fast_https.go:560.4,562.73 3 0
github.com/F5Networks/terraform-provider-bigip/bigip/resource_bigip_fast_https.go:565.4,565.71 1 0
github.com/F5Networks/terraform-provider-bigip/bigip/resource_bigip_fast_https.go:568.4,568.69 1 0
github.com/F5Networks/terraform-provider-bigip/bigip/resource_bigip_fast_https.go:571.4,571.43 1 0
github.com/F5Networks/terraform-provider-bigip/bigip/resource_bigip_fast_https.go:557.81,559.5 1 0
github.com/F5Networks/terraform-provider-bigip/bigip/resource_bigip_fast_https.go:562.73,564.5 1 0
github.com/F5Networks/terraform-provider-bigip/bigip/resource_bigip_fast_https.go:565.71,567.5 1 0
github.com/F5Networks/terraform-provider-bigip/bigip/resource_bigip_fast_https.go:568.69,570.5 1 0
github.com/F5Networks/terraform-provider-bigip/bigip/resource_bigip_fast_https.go:578.48,583.3 4 0
github.com/F5Networks/terraform-provider-bigip/bigip/resource_bigip_fast_https.go:584.47,589.42 5 0
github.com/F5Networks/terraform-provider-bigip/bigip/resource_bigip_fast_https.go:592.3,592.35 1 0
github.com/F5Networks/terraform-provider-bigip/bigip/resource_bigip_fast_https.go:589.42,591.4 1 0
github.com/F5Networks/terraform-provider-bigip/bigip/resource_bigip_fast_https.go:596.46,600.3 3 0
github.com/F5Networks/terraform-provider-bigip/bigip/resource_bigip_fast_https.go:601.37,606.24 5 0
github.com/F5Networks/terraform-provider-bigip/bigip/resource_bigip_fast_https.go:606.24,608.50 2 0
github.com/F5Networks/terraform-provider-bigip/bigip/resource_bigip_fast_https.go:623.4,623.42 1 0
github.com/F5Networks/terraform-provider-bigip/bigip/resource_bigip_fast_https.go:626.4,626.48 1 0
github.com/F5Networks/terraform-provider-bigip/bigip/resource_bigip_fast_https.go:629.4,629.45 1 0
github.com/F5Networks/terraform-provider-bigip/bigip/resource_bigip_fast_https.go:608.50,609.13 1 0
github.com/F5Networks/terraform-provider-bigip/bigip/resource_bigip_fast_https.go:621.5,621.32 1 0
github.com/F5Networks/terraform-provider-bigip/bigip/resource_bigip_fast_https.go:609.13,610.47 1 0
github.com/F5Networks/terraform-provider-bigip/bigip/resource_bigip_fast_https.go:615.6,615.47 1 0
github.com/F5Networks/terraform-provider-bigip/bigip/resource_bigip_fast_https.go:610.47,612.7 1 0
github.com/F5Networks/terraform-provider-bigip/bigip/resource_bigip_fast_https.go:612.12,614.7 1 0
github.com/F5Networks/terraform-provider-bigip/bigip/resource_bigip_fast_https.go:615.47,617.7 1 0
github.com/F5Networks/terraform-provider-bigip/bigip/resource_bigip_fast_https.go:617.12,619.7 1 0
github.com/F5Networks/terraform-provider-bigip/bigip/resource_bigip_fast_https.go:623.42,625.5 1 0
github.com/F5Networks/terraform-provider-bigip/bigip/resource_bigip_fast_https.go:626.48,628.5 1 0
github.com/F5Networks/terraform-provider-bigip/bigip/resource_bigip_fast_https.go:629.45,631.5 1 0
github.com/F5Networks/terraform-provider-bigip/bigip/resource_bigip_fast_https.go:634.49,636.3 1 0
github.com/F5Networks/terraform-provider-bigip/bigip/resource_bigip_fast_https.go:637.44,639.3 1 0
github.com/F5Networks/terraform-provider-bigip/bigip/resource_bigip_fast_https.go:640.51,643.48 3 0
github.com/F5Networks/terraform-provider-bigip/bigip/resource_bigip_fast_https.go:646.3,646.41 1 0
github.com/F5Networks/terraform-provider-bigip/bigip/resource_bigip_fast_https.go:643.48,645.4 1 0
github.com/F5Networks/terraform-provider-bigip/bigip/resource_bigip_fast_https.go:649.16,651.3 1 0
github.com/F5Networks/terraform-provider-bigip/bigip/datasource_bigip_waf_entity_parameters.go:12.59,156.2 1 1
github.com/F5Networks/terraform-provider-bigip/bigip/datasource_bigip_waf_entity_parameters.go:158.92,163.38 3 0
github.com/F5Networks/terraform-provider-bigip/bigip/datasource_bigip_waf_entity_parameters.go:168.2,171.16 3 0
github.com/F5Networks/terraform-provider-bigip/bigip/datasource_bigip_waf_entity_parameters.go:174.2,176.12 3 0
github.com/F5Networks/terraform-provider-bigip/bigip/datasource_bigip_waf_entity_parameters.go:163.38,164.35 1 0
github.com/F5Networks/terraform-provider-bigip/bigip/datasource_bigip_waf_entity_parameters.go:164.35,166.4 1 0
github.com/F5Networks/terraform-provider-bigip/bigip/datasource_bigip_waf_entity_parameters.go:171.16,173.3 1 0
github.com/F5Networks/terraform-provider-bigip/bigip/datasource_bigip_waf_entity_parameters.go:179.63,180.33 1 0
github.com/F5Networks/terraform-provider-bigip/bigip/datasource_bigip_waf_entity_parameters.go:183.2,183.26 1 0
github.com/F5Networks/terraform-provider-bigip/bigip/datasource_bigip_waf_entity_parameters.go:186.2,186.32 1 0
github.com/F5Networks/terraform-provider-bigip/bigip/datasource_bigip_waf_entity_parameters.go:189.2,189.39 1 0
github.com/F5Networks/terraform-provider-bigip/bigip/datasource_bigip_waf_entity_parameters.go:192.2,192.51 1 0
github.com/F5Networks/terraform-provider-bigip/bigip/datasource_bigip_waf_entity_parameters.go:195.2,195.45 1 0
github.com/F5Networks/terraform-provider-bigip/bigip/datasource_bigip_waf_entity_parameters.go:198.2,198.44 1 0
github.com/F5Networks/terraform-provider-bigip/bigip/datasource_bigip_waf_entity_parameters.go:201.2,201.44 1 0
github.com/F5Networks/terraform-provider-bigip/bigip/datasource_bigip_waf_entity_parameters.go:204.2,204.31 1 0
github.com/F5Networks/terraform-provider-bigip/bigip/datasource_bigip_waf_entity_parameters.go:207.2,207.47 1 0
github.com/F5Networks/terraform-provider-bigip/bigip/datasource_bigip_waf_entity_parameters.go:210.2,210.31 1 0
github.com/F5Networks/terraform-provider-bigip/bigip/datasource_bigip_waf_entity_parameters.go:213.2,213.31 1 0
github.com/F5Networks/terraform-provider-bigip/bigip/datasource_bigip_waf_entity_parameters.go:216.2,216.31 1 0
github.com/F5Networks/terraform-provider-bigip/bigip/datasource_bigip_waf_entity_parameters.go:219.2,219.27 1 0
github.com/F5Networks/terraform-provider-bigip/bigip/datasource_bigip_waf_entity_parameters.go:222.2,222.31 1 0
github.com/F5Networks/terraform-provider-bigip/bigip/datasource_bigip_waf_entity_parameters.go:225.2,225.56 1 0
github.com/F5Networks/terraform-provider-bigip/bigip/datasource_bigip_waf_entity_parameters.go:228.2,228.40 1 0
github.com/F5Networks/terraform-provider-bigip/bigip/datasource_bigip_waf_entity_parameters.go:231.2,231.37 1 0
github.com/F5Networks/terraform-provider-bigip/bigip/datasource_bigip_waf_entity_parameters.go:234.2,234.41 1 0
github.com/F5Networks/terraform-provider-bigip/bigip/datasource_bigip_waf_entity_parameters.go:237.2,237.49 1 0
github.com/F5Networks/terraform-provider-bigip/bigip/datasource_bigip_waf_entity_parameters.go:249.2,249.38 1 0
github.com/F5Networks/terraform-provider-bigip/bigip/datasource_bigip_waf_entity_parameters.go:180.33,182.3 1 0
github.com/F5Networks/terraform-provider-bigip/bigip/datasource_bigip_waf_entity_parameters.go:183.26,185.3 1 0
github.com/F5Networks/terraform-provider-bigip/bigip/datasource_bigip_waf_entity_parameters.go:186.32,188.3 1 0
github.com/F5Networks/terraform-provider-bigip/bigip/datasource_bigip_waf_entity_parameters.go:189.39,191.3 1 0
github.com/F5Networks/terraform-provider-bigip/bigip/datasource_bigip_waf_entity_parameters.go:192.51,194.3 1 0
github.com/F5Networks/terraform-provider-bigip/bigip/datasource_bigip_waf_entity_parameters.go:195.45,197.3 1 0
github.com/F5Networks/terraform-provider-bigip/bigip/datasource_bigip_waf_entity_parameters.go:198.44,200.3 1 0
github.com/F5Networks/terraform-provider-bigip/bigip/datasource_bigip_waf_entity_parameters.go:201.44,203.3 1 0
github.com/F5Networks/terraform-provider-bigip/bigip/datasource_bigip_waf_entity_parameters.go:204.31,206.3 1 0
github.com/F5Networks/terraform-provider-bigip/bigip/datasource_bigip_waf_entity_parameters.go:207.47,209.3 1 0
github.com/F5Networks/terraform-provider-bigip/bigip/datasource_bigip_waf_entity_parameters.go:210.31,212.3 1 0
github.com/F5Networks/terraform-provider-bigip/bigip/datasource_bigip_waf_entity_parameters.go:213.31,215.3 1 0
github.com/F5Networks/terraform-provider-bigip/bigip/datasource_bigip_waf_entity_parameters.go:216.31,218.3 1 0
github.com/F5Networks/terraform-provider-bigip/bigip/datasource_bigip_waf_entity_parameters.go:219.27,221.3 1 0
github.com/F5Networks/terraform-provider-bigip/bigip/datasource_bigip_waf_entity_parameters.go:222.31,224.3 1 0
github.com/F5Networks/terraform-provider-bigip/bigip/datasource_bigip_waf_entity_parameters.go:225.56,227.3 1 0
github.com/F5Networks/terraform-provider-bigip/bigip/datasource_bigip_waf_entity_parameters.go:228.40,230.3 1 0
github.com/F5Networks/terraform-provider-bigip/bigip/datasource_bigip_waf_entity_parameters.go:231.37,233.3 1 0
github.com/F5Networks/terraform-provider-bigip/bigip/datasource_bigip_waf_entity_parameters.go:234.41,236.3 1 0
github.com/F5Networks/terraform-provider-bigip/bigip/datasource_bigip_waf_entity_parameters.go:237.49,240.44 3 0
github.com/F5Networks/terraform-provider-bigip/bigip/datasource_bigip_waf_entity_parameters.go:247.3,247.31 1 0
github.com/F5Networks/terraform-provider-bigip/bigip/datasource_bigip_waf_entity_parameters.go:240.44,246.4 2 0
github.com/F5Networks/terraform-provider-bigip/bigip/datasource_bigip_waf_entity_parameters.go:249.38,250.44 1 0
github.com/F5Networks/terraform-provider-bigip/bigip/datasource_bigip_waf_entity_parameters.go:250.44,255.4 4 0
github.com/F5Networks/terraform-provider-bigip/bigip/resource_bigip_fast_application.go:23.46,38.43 1 1
github.com/F5Networks/terraform-provider-bigip/bigip/resource_bigip_fast_application.go:38.43,42.6 2 0
github.com/F5Networks/terraform-provider-bigip/bigip/resource_bigip_fast_application.go:43.77,51.28 8 0
github.com/F5Networks/terraform-provider-bigip/bigip/resource_bigip_fast_application.go:54.6,56.35 2 0
github.com/F5Networks/terraform-provider-bigip/bigip/resource_bigip_fast_application.go:59.6,59.30 1 0
github.com/F5Networks/terraform-provider-bigip/bigip/resource_bigip_fast_application.go:65.6,66.27 2 0
github.com/F5Networks/terraform-provider-bigip/bigip/resource_bigip_fast_application.go:51.28,53.7 1 0
github.com/F5Networks/terraform-provider-bigip/bigip/resource_bigip_fast_application.go:56.35,58.7 1 0
github.com/F5Networks/terraform-provider-bigip/bigip/resource_bigip_fast_application.go:59.30,61.14 2 0
github.com/F5Networks/terraform-provider-bigip/bigip/resource_bigip_fast_application.go:61.14,63.8 1 0
github.com/F5Networks/terraform-provider-bigip/bigip/resource_bigip_fast_application.go:66.27,68.7 1 0
github.com/F5Networks/terraform-provider-bigip/bigip/resource_bigip_fast_application.go:68.12,70.7 1 0
github.com/F5Networks/terraform-provider-bigip/bigip/resource_bigip_fast_application.go:92.81,101.16 9 0
github.com/F5Networks/terraform-provider-bigip/bigip/resource_bigip_fast_application.go:104.2,108.18 5 0
github.com/F5Networks/terraform-provider-bigip/bigip/resource_bigip_fast_application.go:127.2,127.42 1 0
github.com/F5Networks/terraform-provider-bigip/bigip/resource_bigip_fast_application.go:101.16,103.3 1 0
github.com/F5Networks/terraform-provider-bigip/bigip/resource_bigip_fast_application.go:108.18,123.17 9 0
github.com/F5Networks/terraform-provider-bigip/bigip/resource_bigip_fast_application.go:123.17,125.4 1 0
github.com/F5Networks/terraform-provider-bigip/bigip/resource_bigip_fast_application.go:129.79,137.16 8 0
github.com/F5Networks/terraform-provider-bigip/bigip/resource_bigip_fast_application.go:146.2,146.20 1 0
github.com/F5Networks/terraform-provider-bigip/bigip/resource_bigip_fast_application.go:151.2,152.12 2 0
github.com/F5Networks/terraform-provider-bigip/bigip/resource_bigip_fast_application.go:137.16,139.52 2 0
github.com/F5Networks/terraform-provider-bigip/bigip/resource_bigip_fast_application.go:144.3,144.13 1 0
github.com/F5Networks/terraform-provider-bigip/bigip/resource_bigip_fast_application.go:139.52,143.4 3 0
github.com/F5Networks/terraform-provider-bigip/bigip/resource_bigip_fast_application.go:146.20,150.3 3 0
github.com/F5Networks/terraform-provider-bigip/bigip/resource_bigip_fast_application.go:155.89,161.16 6 0
github.com/F5Networks/terraform-provider-bigip/bigip/resource_bigip_fast_application.go:170.2,171.20 2 0
github.com/F5Networks/terraform-provider-bigip/bigip/resource_bigip_fast_application.go:175.2,175.18 1 0
github.com/F5Networks/terraform-provider-bigip/bigip/resource_bigip_fast_application.go:161.16,163.52 2 0
github.com/F5Networks/terraform-provider-bigip/bigip/resource_bigip_fast_application.go:168.3,168.20 1 0
github.com/F5Networks/terraform-provider-bigip/bigip/resource_bigip_fast_application.go:163.52,167.4 3 0
github.com/F5Networks/terraform-provider-bigip/bigip/resource_bigip_fast_application.go:171.20,174.3 2 0
github.com/F5Networks/terraform-provider-bigip/bigip/resource_bigip_fast_application.go:178.81,187.16 9 0
github.com/F5Networks/terraform-provider-bigip/bigip/resource_bigip_fast_application.go:190.2,190.42 1 0
github.com/F5Networks/terraform-provider-bigip/bigip/resource_bigip_fast_application.go:187.16,189.3 1 0
github.com/F5Networks/terraform-provider-bigip/bigip/resource_bigip_fast_application.go:193.81,200.16 7 0
github.com/F5Networks/terraform-provider-bigip/bigip/resource_bigip_fast_application.go:203.2,204.12 2 0
github.com/F5Networks/terraform-provider-bigip/bigip/resource_bigip_fast_application.go:200.16,202.3 1 0
github.com/F5Networks/terraform-provider-bigip/bigip/resource_bigip_ltm_profile_httpcompress.go:18.61,122.2 1 1
github.com/F5Networks/terraform-provider-bigip/bigip/resource_bigip_ltm_profile_httpcompress.go:124.96,135.40 7 0
github.com/F5Networks/terraform-provider-bigip/bigip/resource_bigip_ltm_profile_httpcompress.go:139.2,141.16 2 0
github.com/F5Networks/terraform-provider-bigip/bigip/resource_bigip_ltm_profile_httpcompress.go:144.2,145.57 2 0
github.com/F5Networks/terraform-provider-bigip/bigip/resource_bigip_ltm_profile_httpcompress.go:135.40,138.3 2 0
github.com/F5Networks/terraform-provider-bigip/bigip/resource_bigip_ltm_profile_httpcompress.go:141.16,143.3 1 0
github.com/F5Networks/terraform-provider-bigip/bigip/resource_bigip_ltm_profile_httpcompress.go:148.96,158.16 7 0
github.com/F5Networks/terraform-provider-bigip/bigip/resource_bigip_ltm_profile_httpcompress.go:161.2,161.57 1 0
github.com/F5Networks/terraform-provider-bigip/bigip/resource_bigip_ltm_profile_httpcompress.go:158.16,160.3 1 0
github.com/F5Networks/terraform-provider-bigip/bigip/resource_bigip_ltm_profile_httpcompress.go:164.94,168.16 4 0
github.com/F5Networks/terraform-provider-bigip/bigip/resource_bigip_ltm_profile_httpcompress.go:172.2,172.16 1 0
github.com/F5Networks/terraform-provider-bigip/bigip/resource_bigip_ltm_profile_httpcompress.go:177.2,178.65 2 0
github.com/F5Networks/terraform-provider-bigip/bigip/resource_bigip_ltm_profile_httpcompress.go:181.2,181.41 1 0
github.com/F5Networks/terraform-provider-bigip/bigip/resource_bigip_ltm_profile_httpcompress.go:186.2,186.41 1 0
github.com/F5Networks/terraform-provider-bigip/bigip/resource_bigip_ltm_profile_httpcompress.go:191.2,191.50 1 0
github.com/F5Networks/terraform-provider-bigip/bigip/resource_bigip_ltm_profile_httpcompress.go:196.2,196.50 1 0
github.com/F5Networks/terraform-provider-bigip/bigip/resource_bigip_ltm_profile_httpcompress.go:201.2,201.52 1 0
github.com/F5Networks/terraform-provider-bigip/bigip/resource_bigip_ltm_profile_httpcompress.go:206.2,206.52 1 0
github.com/F5Networks/terraform-provider-bigip/bigip/resource_bigip_ltm_profile_httpcompress.go:211.2,211.47 1 0
github.com/F5Networks/terraform-provider-bigip/bigip/resource_bigip_ltm_profile_httpcompress.go:216.2,216.46 1 0
github.com/F5Networks/terraform-provider-bigip/bigip/resource_bigip_ltm_profile_httpcompress.go:221.2,221.50 1 0
github.com/F5Networks/terraform-provider-bigip/bigip/resource_bigip_ltm_profile_httpcompress.go:226.2,226.41 1 0
github.com/F5Networks/terraform-provider-bigip/bigip/resource_bigip_ltm_profile_httpcompress.go:231.2,231.39 1 0
github.com/F5Networks/terraform-provider-bigip/bigip/resource_bigip_ltm_profile_httpcompress.go:236.2,236.12 1 0
github.com/F5Networks/terraform-provider-bigip/bigip/resource_bigip_ltm_profile_httpcompress.go:168.16,171.3 2 0
github.com/F5Networks/terraform-provider-bigip/bigip/resource_bigip_ltm_profile_httpcompress.go:172.16,176.3 3 0
github.com/F5Networks/terraform-provider-bigip/bigip/resource_bigip_ltm_profile_httpcompress.go:178.65,180.3 1 0
github.com/F5Networks/terraform-provider-bigip/bigip/resource_bigip_ltm_profile_httpcompress.go:181.41,182.62 1 0
github.com/F5Networks/terraform-provider-bigip/bigip/resource_bigip_ltm_profile_httpcompress.go:182.62,184.4 1 0
github.com/F5Networks/terraform-provider-bigip/bigip/resource_bigip_ltm_profile_httpcompress.go:186.41,187.62 1 0
github.com/F5Networks/terraform-provider-bigip/bigip/resource_bigip_ltm_profile_httpcompress.go:187.62,189.4 1 0
github.com/F5Networks/terraform-provider-bigip/bigip/resource_bigip_ltm_profile_httpcompress.go:191.50,192.79 1 0
github.com/F5Networks/terraform-provider-bigip/bigip/resource_bigip_ltm_profile_httpcompress.go:192.79,194.4 1 0
github.com/F5Networks/terraform-provider-bigip/bigip/resource_bigip_ltm_profile_httpcompress.go:196.50,197.79 1 0
github.com/F5Networks/terraform-provider-bigip/bigip/resource_bigip_ltm_profile_httpcompress.go:197.79,199.4 1 0
github.com/F5Networks/terraform-provider-bigip/bigip/resource_bigip_ltm_profile_httpcompress.go:201.52,202.73 1 0
github.com/F5Networks/terraform-provider-bigip/bigip/resource_bigip_ltm_profile_httpcompress.go:202.73,204.4 1 0
github.com/F5Networks/terraform-provider-bigip/bigip/resource_bigip_ltm_profile_httpcompress.go:206.52,207.72 1 0
github.com/F5Networks/terraform-provider-bigip/bigip/resource_bigip_ltm_profile_httpcompress.go:207.72,209.4 1 0
github.com/F5Networks/terraform-provider-bigip/bigip/resource_bigip_ltm_profile_httpcompress.go:211.47,212.73 1 0
github.com/F5Networks/terraform-provider-bigip/bigip/resource_bigip_ltm_profile_httpcompress.go:212.73,214.4 1 0
github.com/F5Networks/terraform-provider-bigip/bigip/resource_bigip_ltm_profile_httpcompress.go:216.46,217.71 1 0
github.com/F5Networks/terraform-provider-bigip/bigip/resource_bigip_ltm_profile_httpcompress.go:217.71,219.4 1 0
github.com/F5Networks/terraform-provider-bigip/bigip/resource_bigip_ltm_profile_httpcompress.go:221.50,222.79 1 0
github.com/F5Networks/terraform-provider-bigip/bigip/resource_bigip_ltm_profile_httpcompress.go:222.79,224.4 1 0
github.com/F5Networks/terraform-provider-bigip/bigip/resource_bigip_ltm_profile_httpcompress.go:226.41,227.62 1 0
github.com/F5Networks/terraform-provider-bigip/bigip/resource_bigip_ltm_profile_httpcompress.go:227.62,229.4 1 0
github.com/F5Networks/terraform-provider-bigip/bigip/resource_bigip_ltm_profile_httpcompress.go:231.39,232.58 1 0
github.com/F5Networks/terraform-provider-bigip/bigip/resource_bigip_ltm_profile_httpcompress.go:232.58,234.4 1 0
github.com/F5Networks/terraform-provider-bigip/bigip/resource_bigip_ltm_profile_httpcompress.go:239.96,246.16 5 0
github.com/F5Networks/terraform-provider-bigip/bigip/resource_bigip_ltm_profile_httpcompress.go:250.2,251.12 2 0
github.com/F5Networks/terraform-provider-bigip/bigip/resource_bigip_ltm_profile_httpcompress.go:246.16,249.3 2 0
github.com/F5Networks/terraform-provider-bigip/bigip/resource_bigip_ltm_profile_httpcompress.go:254.107,272.2 17 0
github.com/F5Networks/terraform-provider-bigip/bigip/resource_bigip_net_tunnel.go:16.48,119.2 1 1
github.com/F5Networks/terraform-provider-bigip/bigip/resource_bigip_net_tunnel.go:121.83,132.16 6 0
github.com/F5Networks/terraform-provider-bigip/bigip/resource_bigip_net_tunnel.go:137.2,139.44 2 0
github.com/F5Networks/terraform-provider-bigip/bigip/resource_bigip_net_tunnel.go:132.16,135.3 2 0
github.com/F5Networks/terraform-provider-bigip/bigip/resource_bigip_net_tunnel.go:142.81,150.16 6 0
github.com/F5Networks/terraform-provider-bigip/bigip/resource_bigip_net_tunnel.go:153.2,153.19 1 0
github.com/F5Networks/terraform-provider-bigip/bigip/resource_bigip_net_tunnel.go:157.2,158.64 2 0
github.com/F5Networks/terraform-provider-bigip/bigip/resource_bigip_net_tunnel.go:161.2,161.67 1 0
github.com/F5Networks/terraform-provider-bigip/bigip/resource_bigip_net_tunnel.go:164.2,164.65 1 0
github.com/F5Networks/terraform-provider-bigip/bigip/resource_bigip_net_tunnel.go:167.2,167.66 1 0
github.com/F5Networks/terraform-provider-bigip/bigip/resource_bigip_net_tunnel.go:173.2,173.49 1 0
github.com/F5Networks/terraform-provider-bigip/bigip/resource_bigip_net_tunnel.go:176.2,176.68 1 0
github.com/F5Networks/terraform-provider-bigip/bigip/resource_bigip_net_tunnel.go:179.2,179.51 1 0
github.com/F5Networks/terraform-provider-bigip/bigip/resource_bigip_net_tunnel.go:182.2,182.49 1 0
github.com/F5Networks/terraform-provider-bigip/bigip/resource_bigip_net_tunnel.go:185.2,185.61 1 0
github.com/F5Networks/terraform-provider-bigip/bigip/resource_bigip_net_tunnel.go:188.2,188.57 1 0
github.com/F5Networks/terraform-provider-bigip/bigip/resource_bigip_net_tunnel.go:191.2,191.70 1 0
github.com/F5Networks/terraform-provider-bigip/bigip/resource_bigip_net_tunnel.go:194.2,194.76 1 0
github.com/F5Networks/terraform-provider-bigip/bigip/resource_bigip_net_tunnel.go:197.2,197.49 1 0
github.com/F5Networks/terraform-provider-bigip/bigip/resource_bigip_net_tunnel.go:200.2,200.68 1 0
github.com/F5Networks/terraform-provider-bigip/bigip/resource_bigip_net_tunnel.go:203.2,203.65 1 0
github.com/F5Networks/terraform-provider-bigip/bigip/resource_bigip_net_tunnel.go:206.2,206.58 1 0
github.com/F5Networks/terraform-provider-bigip/bigip/resource_bigip_net_tunnel.go:209.2,210.12 2 0
github.com/F5Networks/terraform-provider-bigip/bigip/resource_bigip_net_tunnel.go:150.16,152.3 1 0
github.com/F5Networks/terraform-provider-bigip/bigip/resource_bigip_net_tunnel.go:153.19,156.3 2 0
github.com/F5Networks/terraform-provider-bigip/bigip/resource_bigip_net_tunnel.go:158.64,160.3 1 0
github.com/F5Networks/terraform-provider-bigip/bigip/resource_bigip_net_tunnel.go:161.67,163.3 1 0
github.com/F5Networks/terraform-provider-bigip/bigip/resource_bigip_net_tunnel.go:164.65,166.3 1 0
github.com/F5Networks/terraform-provider-bigip/bigip/resource_bigip_net_tunnel.go:167.66,169.3 1 0
github.com/F5Networks/terraform-provider-bigip/bigip/resource_bigip_net_tunnel.go:173.49,175.3 1 0
github.com/F5Networks/terraform-provider-bigip/bigip/resource_bigip_net_tunnel.go:176.68,178.3 1 0
github.com/F5Networks/terraform-provider-bigip/bigip/resource_bigip_net_tunnel.go:179.51,181.3 1 0
github.com/F5Networks/terraform-provider-bigip/bigip/resource_bigip_net_tunnel.go:182.49,184.3 1 0
github.com/F5Networks/terraform-provider-bigip/bigip/resource_bigip_net_tunnel.go:185.61,187.3 1 0
github.com/F5Networks/terraform-provider-bigip/bigip/resource_bigip_net_tunnel.go:188.57,190.3 1 0
github.com/F5Networks/terraform-provider-bigip/bigip/resource_bigip_net_tunnel.go:191.70,193.3 1 0
github.com/F5Networks/terraform-provider-bigip/bigip/resource_bigip_net_tunnel.go:194.76,196.3 1 0
github.com/F5Networks/terraform-provider-bigip/bigip/resource_bigip_net_tunnel.go:197.49,199.3 1 0
github.com/F5Networks/terraform-provider-bigip/bigip/resource_bigip_net_tunnel.go:200.68,202.3 1 0
github.com/F5Networks/terraform-provider-bigip/bigip/resource_bigip_net_tunnel.go:203.65,205.3 1 0
github.com/F5Networks/terraform-provider-bigip/bigip/resource_bigip_net_tunnel.go:206.58,208.3 1 0
github.com/F5Networks/terraform-provider-bigip/bigip/resource_bigip_net_tunnel.go:213.83,226.16 7 0
github.com/F5Networks/terraform-provider-bigip/bigip/resource_bigip_net_tunnel.go:230.2,230.44 1 0
github.com/F5Networks/terraform-provider-bigip/bigip/resource_bigip_net_tunnel.go:226.16,228.3 1 0
github.com/F5Networks/terraform-provider-bigip/bigip/resource_bigip_net_tunnel.go:233.83,241.16 5 0
github.com/F5Networks/terraform-provider-bigip/bigip/resource_bigip_net_tunnel.go:245.2,246.12 2 0
github.com/F5Networks/terraform-provider-bigip/bigip/resource_bigip_net_tunnel.go:241.16,243.3 1 0
github.com/F5Networks/terraform-provider-bigip/bigip/resource_bigip_net_tunnel.go:249.76,268.2 17 0
github.com/F5Networks/terraform-provider-bigip/bigip/datasource_bigip_ltm_datagroup.go:16.53,55.2 1 1
github.com/F5Networks/terraform-provider-bigip/bigip/datasource_bigip_ltm_datagroup.go:57.86,64.16 7 0
github.com/F5Networks/terraform-provider-bigip/bigip/datasource_bigip_ltm_datagroup.go:67.2,67.22 1 0
github.com/F5Networks/terraform-provider-bigip/bigip/datasource_bigip_ltm_datagroup.go:72.2,75.43 4 0
github.com/F5Networks/terraform-provider-bigip/bigip/datasource_bigip_ltm_datagroup.go:82.2,82.49 1 0
github.com/F5Networks/terraform-provider-bigip/bigip/datasource_bigip_ltm_datagroup.go:85.2,86.12 2 0
github.com/F5Networks/terraform-provider-bigip/bigip/datasource_bigip_ltm_datagroup.go:64.16,66.3 1 0
github.com/F5Networks/terraform-provider-bigip/bigip/datasource_bigip_ltm_datagroup.go:67.22,71.3 3 0
github.com/F5Networks/terraform-provider-bigip/bigip/datasource_bigip_ltm_datagroup.go:75.43,81.3 2 0
github.com/F5Networks/terraform-provider-bigip/bigip/datasource_bigip_ltm_datagroup.go:82.49,84.3 1 0
github.com/F5Networks/terraform-provider-bigip/bigip/resource_bigip_net_vlan.go:17.46,65.2 1 1
github.com/F5Networks/terraform-provider-bigip/bigip/resource_bigip_net_vlan.go:67.81,82.16 7 0
github.com/F5Networks/terraform-provider-bigip/bigip/resource_bigip_net_vlan.go:86.2,91.34 5 0
github.com/F5Networks/terraform-provider-bigip/bigip/resource_bigip_net_vlan.go:101.2,105.42 3 0
github.com/F5Networks/terraform-provider-bigip/bigip/resource_bigip_net_vlan.go:82.16,84.3 1 0
github.com/F5Networks/terraform-provider-bigip/bigip/resource_bigip_net_vlan.go:91.34,97.17 5 0
github.com/F5Networks/terraform-provider-bigip/bigip/resource_bigip_net_vlan.go:97.17,99.4 1 0
github.com/F5Networks/terraform-provider-bigip/bigip/resource_bigip_net_vlan.go:108.79,116.16 5 0
github.com/F5Networks/terraform-provider-bigip/bigip/resource_bigip_net_vlan.go:119.2,119.17 1 0
github.com/F5Networks/terraform-provider-bigip/bigip/resource_bigip_net_vlan.go:125.2,131.16 5 0
github.com/F5Networks/terraform-provider-bigip/bigip/resource_bigip_net_vlan.go:135.2,137.54 3 0
github.com/F5Networks/terraform-provider-bigip/bigip/resource_bigip_net_vlan.go:153.2,153.56 1 0
github.com/F5Networks/terraform-provider-bigip/bigip/resource_bigip_net_vlan.go:157.2,157.12 1 0
github.com/F5Networks/terraform-provider-bigip/bigip/resource_bigip_net_vlan.go:116.16,118.3 1 0
github.com/F5Networks/terraform-provider-bigip/bigip/resource_bigip_net_vlan.go:119.17,123.3 3 0
github.com/F5Networks/terraform-provider-bigip/bigip/resource_bigip_net_vlan.go:131.16,133.3 1 0
github.com/F5Networks/terraform-provider-bigip/bigip/resource_bigip_net_vlan.go:137.54,138.19 1 0
github.com/F5Networks/terraform-provider-bigip/bigip/resource_bigip_net_vlan.go:143.3,150.45 3 0
github.com/F5Networks/terraform-provider-bigip/bigip/resource_bigip_net_vlan.go:138.19,140.4 1 0
github.com/F5Networks/terraform-provider-bigip/bigip/resource_bigip_net_vlan.go:140.9,142.4 1 0
github.com/F5Networks/terraform-provider-bigip/bigip/resource_bigip_net_vlan.go:153.56,155.3 1 0
github.com/F5Networks/terraform-provider-bigip/bigip/resource_bigip_net_vlan.go:160.81,173.16 6 0
github.com/F5Networks/terraform-provider-bigip/bigip/resource_bigip_net_vlan.go:177.2,177.42 1 0
github.com/F5Networks/terraform-provider-bigip/bigip/resource_bigip_net_vlan.go:173.16,175.3 1 0
github.com/F5Networks/terraform-provider-bigip/bigip/resource_bigip_net_vlan.go:180.81,188.16 5 0
github.com/F5Networks/terraform-provider-bigip/bigip/resource_bigip_net_vlan.go:192.2,193.12 2 0
github.com/F5Networks/terraform-provider-bigip/bigip/resource_bigip_net_vlan.go:188.16,190.3 1 0
github.com/F5Networks/terraform-provider-bigip/bigip/resource_bigip_ssl_certificate.go:16.53,57.2 1 1
github.com/F5Networks/terraform-provider-bigip/bigip/resource_bigip_ssl_certificate.go:59.88,67.16 7 0
github.com/F5Networks/terraform-provider-bigip/bigip/resource_bigip_ssl_certificate.go:70.2,71.18 2 0
github.com/F5Networks/terraform-provider-bigip/bigip/resource_bigip_ssl_certificate.go:90.2,90.49 1 0
github.com/F5Networks/terraform-provider-bigip/bigip/resource_bigip_ssl_certificate.go:67.16,69.3 1 0
github.com/F5Networks/terraform-provider-bigip/bigip/resource_bigip_ssl_certificate.go:71.18,86.17 9 0
github.com/F5Networks/terraform-provider-bigip/bigip/resource_bigip_ssl_certificate.go:86.17,88.4 1 0
github.com/F5Networks/terraform-provider-bigip/bigip/resource_bigip_ssl_certificate.go:93.86,99.21 5 0
github.com/F5Networks/terraform-provider-bigip/bigip/resource_bigip_ssl_certificate.go:110.2,111.16 2 0
github.com/F5Networks/terraform-provider-bigip/bigip/resource_bigip_ssl_certificate.go:114.2,119.12 5 0
github.com/F5Networks/terraform-provider-bigip/bigip/resource_bigip_ssl_certificate.go:99.21,100.36 1 0
github.com/F5Networks/terraform-provider-bigip/bigip/resource_bigip_ssl_certificate.go:100.36,103.4 2 0
github.com/F5Networks/terraform-provider-bigip/bigip/resource_bigip_ssl_certificate.go:104.8,105.36 1 0
github.com/F5Networks/terraform-provider-bigip/bigip/resource_bigip_ssl_certificate.go:105.36,107.4 1 0
github.com/F5Networks/terraform-provider-bigip/bigip/resource_bigip_ssl_certificate.go:111.16,113.3 1 0
github.com/F5Networks/terraform-provider-bigip/bigip/resource_bigip_ssl_certificate.go:122.96,128.21 5 0
github.com/F5Networks/terraform-provider-bigip/bigip/resource_bigip_ssl_certificate.go:138.2,139.16 2 0
github.com/F5Networks/terraform-provider-bigip/bigip/resource_bigip_ssl_certificate.go:144.2,144.24 1 0
github.com/F5Networks/terraform-provider-bigip/bigip/resource_bigip_ssl_certificate.go:149.2,149.32 1 0
github.com/F5Networks/terraform-provider-bigip/bigip/resource_bigip_ssl_certificate.go:128.21,129.36 1 0
github.com/F5Networks/terraform-provider-bigip/bigip/resource_bigip_ssl_certificate.go:129.36,132.4 2 0
github.com/F5Networks/terraform-provider-bigip/bigip/resource_bigip_ssl_certificate.go:133.8,134.36 1 0
github.com/F5Networks/terraform-provider-bigip/bigip/resource_bigip_ssl_certificate.go:134.36,136.4 1 0
github.com/F5Networks/terraform-provider-bigip/bigip/resource_bigip_ssl_certificate.go:139.16,142.3 2 0
github.com/F5Networks/terraform-provider-bigip/bigip/resource_bigip_ssl_certificate.go:144.24,147.3 2 0
github.com/F5Networks/terraform-provider-bigip/bigip/resource_bigip_ssl_certificate.go:152.88,162.16 7 0
github.com/F5Networks/terraform-provider-bigip/bigip/resource_bigip_ssl_certificate.go:166.2,166.49 1 0
github.com/F5Networks/terraform-provider-bigip/bigip/resource_bigip_ssl_certificate.go:162.16,164.3 1 0
github.com/F5Networks/terraform-provider-bigip/bigip/resource_bigip_ssl_certificate.go:169.88,179.16 7 0
github.com/F5Networks/terraform-provider-bigip/bigip/resource_bigip_ssl_certificate.go:183.2,184.12 2 0
github.com/F5Networks/terraform-provider-bigip/bigip/resource_bigip_ssl_certificate.go:179.16,182.3 2 0
github.com/F5Networks/terraform-provider-bigip/bigip/resource_bigip_cm_device.go:17.47,53.2 1 1
github.com/F5Networks/terraform-provider-bigip/bigip/resource_bigip_cm_device.go:55.82,72.16 8 0
github.com/F5Networks/terraform-provider-bigip/bigip/resource_bigip_cm_device.go:76.2,77.43 2 0
github.com/F5Networks/terraform-provider-bigip/bigip/resource_bigip_cm_device.go:72.16,75.3 2 0
github.com/F5Networks/terraform-provider-bigip/bigip/resource_bigip_cm_device.go:81.82,96.16 6 0
github.com/F5Networks/terraform-provider-bigip/bigip/resource_bigip_cm_device.go:100.2,100.43 1 0
github.com/F5Networks/terraform-provider-bigip/bigip/resource_bigip_cm_device.go:96.16,99.3 2 0
github.com/F5Networks/terraform-provider-bigip/bigip/resource_bigip_cm_device.go:103.80,111.16 5 0
github.com/F5Networks/terraform-provider-bigip/bigip/resource_bigip_cm_device.go:115.2,115.20 1 0
github.com/F5Networks/terraform-provider-bigip/bigip/resource_bigip_cm_device.go:121.2,123.61 2 0
github.com/F5Networks/terraform-provider-bigip/bigip/resource_bigip_cm_device.go:127.2,127.69 1 0
github.com/F5Networks/terraform-provider-bigip/bigip/resource_bigip_cm_device.go:131.2,131.80 1 0
github.com/F5Networks/terraform-provider-bigip/bigip/resource_bigip_cm_device.go:135.2,135.12 1 0
github.com/F5Networks/terraform-provider-bigip/bigip/resource_bigip_cm_device.go:111.16,114.3 2 0
github.com/F5Networks/terraform-provider-bigip/bigip/resource_bigip_cm_device.go:115.20,119.3 3 0
github.com/F5Networks/terraform-provider-bigip/bigip/resource_bigip_cm_device.go:123.61,125.3 1 0
github.com/F5Networks/terraform-provider-bigip/bigip/resource_bigip_cm_device.go:127.69,129.3 1 0
github.com/F5Networks/terraform-provider-bigip/bigip/resource_bigip_cm_device.go:131.80,133.3 1 0
github.com/F5Networks/terraform-provider-bigip/bigip/resource_bigip_cm_device.go:138.82,142.16 4 0
github.com/F5Networks/terraform-provider-bigip/bigip/resource_bigip_cm_device.go:146.2,147.12 2 0
github.com/F5Networks/terraform-provider-bigip/bigip/resource_bigip_cm_device.go:142.16,145.3 2 0
github.com/F5Networks/terraform-provider-bigip/bigip/resource_bigip_command.go:20.46,54.2 1 1
github.com/F5Networks/terraform-provider-bigip/bigip/resource_bigip_command.go:56.81,59.39 3 0
github.com/F5Networks/terraform-provider-bigip/bigip/resource_bigip_command.go:81.2,82.18 2 0
github.com/F5Networks/terraform-provider-bigip/bigip/resource_bigip_command.go:101.2,101.12 1 0
github.com/F5Networks/terraform-provider-bigip/bigip/resource_bigip_command.go:59.39,60.39 1 0
github.com/F5Networks/terraform-provider-bigip/bigip/resource_bigip_command.go:65.3,67.35 3 0
github.com/F5Networks/terraform-provider-bigip/bigip/resource_bigip_command.go:79.3,79.42 1 0
github.com/F5Networks/terraform-provider-bigip/bigip/resource_bigip_command.go:60.39,61.42 1 0
github.com/F5Networks/terraform-provider-bigip/bigip/resource_bigip_command.go:61.42,63.5 1 0
github.com/F5Networks/terraform-provider-bigip/bigip/resource_bigip_command.go:67.35,74.18 4 0
github.com/F5Networks/terraform-provider-bigip/bigip/resource_bigip_command.go:77.4,77.60 1 0
github.com/F5Networks/terraform-provider-bigip/bigip/resource_bigip_command.go:74.18,76.5 1 0
github.com/F5Networks/terraform-provider-bigip/bigip/resource_bigip_command.go:82.18,97.17 9 0
github.com/F5Networks/terraform-provider-bigip/bigip/resource_bigip_command.go:97.17,99.4 1 0
github.com/F5Networks/terraform-provider-bigip/bigip/resource_bigip_command.go:104.79,107.2 2 0
github.com/F5Networks/terraform-provider-bigip/bigip/resource_bigip_command.go:108.81,111.39 3 0
github.com/F5Networks/terraform-provider-bigip/bigip/resource_bigip_command.go:132.2,132.12 1 0
github.com/F5Networks/terraform-provider-bigip/bigip/resource_bigip_command.go:111.39,112.39 1 0
github.com/F5Networks/terraform-provider-bigip/bigip/resource_bigip_command.go:117.3,119.35 3 0
github.com/F5Networks/terraform-provider-bigip/bigip/resource_bigip_command.go:130.3,130.42 1 0
github.com/F5Networks/terraform-provider-bigip/bigip/resource_bigip_command.go:112.39,113.42 1 0
github.com/F5Networks/terraform-provider-bigip/bigip/resource_bigip_command.go:113.42,115.5 1 0
github.com/F5Networks/terraform-provider-bigip/bigip/resource_bigip_command.go:119.35,125.18 3 0
github.com/F5Networks/terraform-provider-bigip/bigip/resource_bigip_command.go:128.4,128.60 1 0
github.com/F5Networks/terraform-provider-bigip/bigip/resource_bigip_command.go:125.18,127.5 1 0
github.com/F5Networks/terraform-provider-bigip/bigip/resource_bigip_command.go:135.81,138.41 3 0
github.com/F5Networks/terraform-provider-bigip/bigip/resource_bigip_command.go:162.2,163.12 2 0
github.com/F5Networks/terraform-provider-bigip/bigip/resource_bigip_command.go:138.41,139.39 1 0
github.com/F5Networks/terraform-provider-bigip/bigip/resource_bigip_command.go:144.3,146.35 2 0
github.com/F5Networks/terraform-provider-bigip/bigip/resource_bigip_command.go:139.39,140.42 1 0
github.com/F5Networks/terraform-provider-bigip/bigip/resource_bigip_command.go:140.42,142.5 1 0
github.com/F5Networks/terraform-provider-bigip/bigip/resource_bigip_command.go:146.35,154.18 5 0
github.com/F5Networks/terraform-provider-bigip/bigip/resource_bigip_command.go:157.4,157.61 1 0
github.com/F5Networks/terraform-provider-bigip/bigip/resource_bigip_command.go:154.18,156.5 1 0
github.com/F5Networks/terraform-provider-bigip/bigip/resource_bigip_fast_udp.go:22.49,241.2 1 1
github.com/F5Networks/terraform-provider-bigip/bigip/resource_bigip_fast_udp.go:243.84,253.16 8 0
github.com/F5Networks/terraform-provider-bigip/bigip/resource_bigip_fast_udp.go:256.2,257.16 2 0
github.com/F5Networks/terraform-provider-bigip/bigip/resource_bigip_fast_udp.go:260.2,265.18 5 0
github.com/F5Networks/terraform-provider-bigip/bigip/resource_bigip_fast_udp.go:285.2,285.45 1 0
github.com/F5Networks/terraform-provider-bigip/bigip/resource_bigip_fast_udp.go:253.16,255.3 1 0
github.com/F5Networks/terraform-provider-bigip/bigip/resource_bigip_fast_udp.go:257.16,259.3 1 0
github.com/F5Networks/terraform-provider-bigip/bigip/resource_bigip_fast_udp.go:265.18,280.17 9 0
github.com/F5Networks/terraform-provider-bigip/bigip/resource_bigip_fast_udp.go:280.17,282.4 1 0
github.com/F5Networks/terraform-provider-bigip/bigip/resource_bigip_fast_udp.go:288.82,298.16 9 0
github.com/F5Networks/terraform-provider-bigip/bigip/resource_bigip_fast_udp.go:307.2,307.20 1 0
github.com/F5Networks/terraform-provider-bigip/bigip/resource_bigip_fast_udp.go:312.2,314.16 3 0
github.com/F5Networks/terraform-provider-bigip/bigip/resource_bigip_fast_udp.go:317.2,318.16 2 0
github.com/F5Networks/terraform-provider-bigip/bigip/resource_bigip_fast_udp.go:321.2,321.12 1 0
github.com/F5Networks/terraform-provider-bigip/bigip/resource_bigip_fast_udp.go:298.16,300.52 2 0
github.com/F5Networks/terraform-provider-bigip/bigip/resource_bigip_fast_udp.go:305.3,305.13 1 0
github.com/F5Networks/terraform-provider-bigip/bigip/resource_bigip_fast_udp.go:300.52,304.4 3 0
github.com/F5Networks/terraform-provider-bigip/bigip/resource_bigip_fast_udp.go:307.20,311.3 3 0
github.com/F5Networks/terraform-provider-bigip/bigip/resource_bigip_fast_udp.go:314.16,316.3 1 0
github.com/F5Networks/terraform-provider-bigip/bigip/resource_bigip_fast_udp.go:318.16,320.3 1 0
github.com/F5Networks/terraform-provider-bigip/bigip/resource_bigip_fast_udp.go:324.84,333.16 8 0
github.com/F5Networks/terraform-provider-bigip/bigip/resource_bigip_fast_udp.go:336.2,338.16 2 0
github.com/F5Networks/terraform-provider-bigip/bigip/resource_bigip_fast_udp.go:341.2,341.45 1 0
github.com/F5Networks/terraform-provider-bigip/bigip/resource_bigip_fast_udp.go:333.16,335.3 1 0
github.com/F5Networks/terraform-provider-bigip/bigip/resource_bigip_fast_udp.go:338.16,340.3 1 0
github.com/F5Networks/terraform-provider-bigip/bigip/resource_bigip_fast_udp.go:344.84,351.16 7 0
github.com/F5Networks/terraform-provider-bigip/bigip/resource_bigip_fast_udp.go:354.2,355.45 2 0
github.com/F5Networks/terraform-provider-bigip/bigip/resource_bigip_fast_udp.go:351.16,353.3 1 0
github.com/F5Networks/terraform-provider-bigip/bigip/resource_bigip_fast_udp.go:358.92,365.16 6 0
github.com/F5Networks/terraform-provider-bigip/bigip/resource_bigip_fast_udp.go:374.2,374.16 1 0
github.com/F5Networks/terraform-provider-bigip/bigip/resource_bigip_fast_udp.go:379.2,379.18 1 0
github.com/F5Networks/terraform-provider-bigip/bigip/resource_bigip_fast_udp.go:365.16,367.52 2 0
github.com/F5Networks/terraform-provider-bigip/bigip/resource_bigip_fast_udp.go:372.3,372.20 1 0
github.com/F5Networks/terraform-provider-bigip/bigip/resource_bigip_fast_udp.go:367.52,371.4 3 0
github.com/F5Networks/terraform-provider-bigip/bigip/resource_bigip_fast_udp.go:374.16,378.3 3 0
github.com/F5Networks/terraform-provider-bigip/bigip/resource_bigip_fast_udp.go:382.75,386.23 4 0
github.com/F5Networks/terraform-provider-bigip/bigip/resource_bigip_fast_udp.go:395.2,408.41 14 0
github.com/F5Networks/terraform-provider-bigip/bigip/resource_bigip_fast_udp.go:411.2,411.42 1 0
github.com/F5Networks/terraform-provider-bigip/bigip/resource_bigip_fast_udp.go:414.2,415.12 2 0
github.com/F5Networks/terraform-provider-bigip/bigip/resource_bigip_fast_udp.go:386.23,390.3 3 0
github.com/F5Networks/terraform-provider-bigip/bigip/resource_bigip_fast_udp.go:390.8,394.3 3 0
github.com/F5Networks/terraform-provider-bigip/bigip/resource_bigip_fast_udp.go:408.41,410.3 1 0
github.com/F5Networks/terraform-provider-bigip/bigip/resource_bigip_fast_udp.go:411.42,413.3 1 0
github.com/F5Networks/terraform-provider-bigip/bigip/resource_bigip_fast_udp.go:418.68,424.44 2 0
github.com/F5Networks/terraform-provider-bigip/bigip/resource_bigip_fast_udp.go:432.2,434.43 3 0
github.com/F5Networks/terraform-provider-bigip/bigip/resource_bigip_fast_udp.go:444.2,444.46 1 0
github.com/F5Networks/terraform-provider-bigip/bigip/resource_bigip_fast_udp.go:448.2,451.48 4 0
github.com/F5Networks/terraform-provider-bigip/bigip/resource_bigip_fast_udp.go:456.2,456.47 1 0
github.com/F5Networks/terraform-provider-bigip/bigip/resource_bigip_fast_udp.go:466.2,469.49 4 0
github.com/F5Networks/terraform-provider-bigip/bigip/resource_bigip_fast_udp.go:478.2,478.46 1 0
github.com/F5Networks/terraform-provider-bigip/bigip/resource_bigip_fast_udp.go:486.2,486.50 1 0
github.com/F5Networks/terraform-provider-bigip/bigip/resource_bigip_fast_udp.go:491.2,492.43 2 0
github.com/F5Networks/terraform-provider-bigip/bigip/resource_bigip_fast_udp.go:497.2,497.42 1 0
github.com/F5Networks/terraform-provider-bigip/bigip/resource_bigip_fast_udp.go:525.2,527.46 3 0
github.com/F5Networks/terraform-provider-bigip/bigip/resource_bigip_fast_udp.go:531.2,531.37 1 0
github.com/F5Networks/terraform-provider-bigip/bigip/resource_bigip_fast_udp.go:542.2,542.49 1 0
github.com/F5Networks/terraform-provider-bigip/bigip/resource_bigip_fast_udp.go:545.2,545.44 1 0
github.com/F5Networks/terraform-provider-bigip/bigip/resource_bigip_fast_udp.go:549.2,549.36 1 0
github.com/F5Networks/terraform-provider-bigip/bigip/resource_bigip_fast_udp.go:557.2,559.43 3 0
github.com/F5Networks/terraform-provider-bigip/bigip/resource_bigip_fast_udp.go:568.2,568.44 1 0
github.com/F5Networks/terraform-provider-bigip/bigip/resource_bigip_fast_udp.go:577.2,578.51 2 0
github.com/F5Networks/terraform-provider-bigip/bigip/resource_bigip_fast_udp.go:587.2,588.16 2 0
github.com/F5Networks/terraform-provider-bigip/bigip/resource_bigip_fast_udp.go:591.2,592.26 2 0
github.com/F5Networks/terraform-provider-bigip/bigip/resource_bigip_fast_udp.go:424.44,426.24 2 0
github.com/F5Networks/terraform-provider-bigip/bigip/resource_bigip_fast_udp.go:426.24,429.4 2 0
github.com/F5Networks/terraform-provider-bigip/bigip/resource_bigip_fast_udp.go:434.43,435.15 1 0
github.com/F5Networks/terraform-provider-bigip/bigip/resource_bigip_fast_udp.go:435.15,437.51 2 0
github.com/F5Networks/terraform-provider-bigip/bigip/resource_bigip_fast_udp.go:437.51,439.5 1 0
github.com/F5Networks/terraform-provider-bigip/bigip/resource_bigip_fast_udp.go:439.10,441.5 1 0
github.com/F5Networks/terraform-provider-bigip/bigip/resource_bigip_fast_udp.go:444.46,446.3 1 0
github.com/F5Networks/terraform-provider-bigip/bigip/resource_bigip_fast_udp.go:451.48,455.3 3 0
github.com/F5Networks/terraform-provider-bigip/bigip/resource_bigip_fast_udp.go:456.47,460.42 4 0
github.com/F5Networks/terraform-provider-bigip/bigip/resource_bigip_fast_udp.go:463.3,463.34 1 0
github.com/F5Networks/terraform-provider-bigip/bigip/resource_bigip_fast_udp.go:460.42,462.4 1 0
github.com/F5Networks/terraform-provider-bigip/bigip/resource_bigip_fast_udp.go:469.49,472.27 3 0
github.com/F5Networks/terraform-provider-bigip/bigip/resource_bigip_fast_udp.go:472.27,474.4 1 0
github.com/F5Networks/terraform-provider-bigip/bigip/resource_bigip_fast_udp.go:474.9,476.4 1 0
github.com/F5Networks/terraform-provider-bigip/bigip/resource_bigip_fast_udp.go:478.46,480.27 2 0
github.com/F5Networks/terraform-provider-bigip/bigip/resource_bigip_fast_udp.go:480.27,482.4 1 0
github.com/F5Networks/terraform-provider-bigip/bigip/resource_bigip_fast_udp.go:482.9,484.4 1 0
github.com/F5Networks/terraform-provider-bigip/bigip/resource_bigip_fast_udp.go:486.50,489.3 2 0
github.com/F5Networks/terraform-provider-bigip/bigip/resource_bigip_fast_udp.go:492.43,496.3 3 0
github.com/F5Networks/terraform-provider-bigip/bigip/resource_bigip_fast_udp.go:497.42,502.44 5 0
github.com/F5Networks/terraform-provider-bigip/bigip/resource_bigip_fast_udp.go:522.3,522.32 1 0
github.com/F5Networks/terraform-provider-bigip/bigip/resource_bigip_fast_udp.go:502.44,506.81 4 0
github.com/F5Networks/terraform-provider-bigip/bigip/resource_bigip_fast_udp.go:509.4,511.73 3 0
github.com/F5Networks/terraform-provider-bigip/bigip/resource_bigip_fast_udp.go:514.4,514.71 1 0
github.com/F5Networks/terraform-provider-bigip/bigip/resource_bigip_fast_udp.go:517.4,517.69 1 0
github.com/F5Networks/terraform-provider-bigip/bigip/resource_bigip_fast_udp.go:520.4,520.43 1 0
github.com/F5Networks/terraform-provider-bigip/bigip/resource_bigip_fast_udp.go:506.81,508.5 1 0
github.com/F5Networks/terraform-provider-bigip/bigip/resource_bigip_fast_udp.go:511.73,513.5 1 0
github.com/F5Networks/terraform-provider-bigip/bigip/resource_bigip_fast_udp.go:514.71,516.5 1 0
github.com/F5Networks/terraform-provider-bigip/bigip/resource_bigip_fast_udp.go:517.69,519.5 1 0
github.com/F5Networks/terraform-provider-bigip/bigip/resource_bigip_fast_udp.go:527.46,530.3 2 0
github.com/F5Networks/terraform-provider-bigip/bigip/resource_bigip_fast_udp.go:531.37,541.3 9 0
github.com/F5Networks/terraform-provider-bigip/bigip/resource_bigip_fast_udp.go:542.49,544.3 1 0
github.com/F5Networks/terraform-provider-bigip/bigip/resource_bigip_fast_udp.go:545.44,547.3 1 0
github.com/F5Networks/terraform-provider-bigip/bigip/resource_bigip_fast_udp.go:549.36,551.42 2 0
github.com/F5Networks/terraform-provider-bigip/bigip/resource_bigip_fast_udp.go:554.3,554.30 1 0
github.com/F5Networks/terraform-provider-bigip/bigip/resource_bigip_fast_udp.go:551.42,553.4 1 0
github.com/F5Networks/terraform-provider-bigip/bigip/resource_bigip_fast_udp.go:559.43,563.42 4 0
github.com/F5Networks/terraform-provider-bigip/bigip/resource_bigip_fast_udp.go:566.3,566.24 1 0
github.com/F5Networks/terraform-provider-bigip/bigip/resource_bigip_fast_udp.go:563.42,565.4 1 0
github.com/F5Networks/terraform-provider-bigip/bigip/resource_bigip_fast_udp.go:568.44,571.42 3 0
github.com/F5Networks/terraform-provider-bigip/bigip/resource_bigip_fast_udp.go:574.3,574.24 1 0
github.com/F5Networks/terraform-provider-bigip/bigip/resource_bigip_fast_udp.go:571.42,573.4 1 0
github.com/F5Networks/terraform-provider-bigip/bigip/resource_bigip_fast_udp.go:578.51,581.44 3 0
github.com/F5Networks/terraform-provider-bigip/bigip/resource_bigip_fast_udp.go:584.3,584.36 1 0
github.com/F5Networks/terraform-provider-bigip/bigip/resource_bigip_fast_udp.go:581.44,583.4 1 0
github.com/F5Networks/terraform-provider-bigip/bigip/resource_bigip_fast_udp.go:588.16,590.3 1 0
github.com/F5Networks/terraform-provider-bigip/bigip/resource_bigip_ltm_irule.go:18.47,42.43 1 1
github.com/F5Networks/terraform-provider-bigip/bigip/resource_bigip_ltm_irule.go:42.43,44.6 1 0
github.com/F5Networks/terraform-provider-bigip/bigip/resource_bigip_ltm_irule.go:50.82,57.16 5 0
github.com/F5Networks/terraform-provider-bigip/bigip/resource_bigip_ltm_irule.go:61.2,63.43 2 0
github.com/F5Networks/terraform-provider-bigip/bigip/resource_bigip_ltm_irule.go:57.16,59.3 1 0
github.com/F5Networks/terraform-provider-bigip/bigip/resource_bigip_ltm_irule.go:66.80,73.16 5 0
github.com/F5Networks/terraform-provider-bigip/bigip/resource_bigip_ltm_irule.go:76.2,76.18 1 0
github.com/F5Networks/terraform-provider-bigip/bigip/resource_bigip_ltm_irule.go:82.2,85.12 3 0
github.com/F5Networks/terraform-provider-bigip/bigip/resource_bigip_ltm_irule.go:73.16,75.3 1 0
github.com/F5Networks/terraform-provider-bigip/bigip/resource_bigip_ltm_irule.go:76.18,80.3 3 0
github.com/F5Networks/terraform-provider-bigip/bigip/resource_bigip_ltm_irule.go:88.90,95.16 5 0
github.com/F5Networks/terraform-provider-bigip/bigip/resource_bigip_ltm_irule.go:98.2,98.18 1 0
github.com/F5Networks/terraform-provider-bigip/bigip/resource_bigip_ltm_irule.go:104.2,104.26 1 0
github.com/F5Networks/terraform-provider-bigip/bigip/resource_bigip_ltm_irule.go:95.16,97.3 1 0
github.com/F5Networks/terraform-provider-bigip/bigip/resource_bigip_ltm_irule.go:98.18,102.3 3 0
github.com/F5Networks/terraform-provider-bigip/bigip/resource_bigip_ltm_irule.go:107.82,118.16 5 0
github.com/F5Networks/terraform-provider-bigip/bigip/resource_bigip_ltm_irule.go:121.2,121.43 1 0
github.com/F5Networks/terraform-provider-bigip/bigip/resource_bigip_ltm_irule.go:118.16,120.3 1 0
github.com/F5Networks/terraform-provider-bigip/bigip/resource_bigip_ltm_irule.go:124.82,128.16 4 0
github.com/F5Networks/terraform-provider-bigip/bigip/resource_bigip_ltm_irule.go:131.2,132.12 2 0
github.com/F5Networks/terraform-provider-bigip/bigip/resource_bigip_ltm_irule.go:128.16,130.3 1 0
github.com/F5Networks/terraform-provider-bigip/bigip/resource_bigip_ltm_pool_attachment.go:21.56,86.2 1 1
github.com/F5Networks/terraform-provider-bigip/bigip/resource_bigip_ltm_pool_attachment.go:88.91,97.18 9 0
github.com/F5Networks/terraform-provider-bigip/bigip/resource_bigip_ltm_pool_attachment.go:168.2,168.52 1 0
github.com/F5Networks/terraform-provider-bigip/bigip/resource_bigip_ltm_pool_attachment.go:97.18,99.17 2 0
github.com/F5Networks/terraform-provider-bigip/bigip/resource_bigip_ltm_pool_attachment.go:103.3,103.19 1 0
github.com/F5Networks/terraform-provider-bigip/bigip/resource_bigip_ltm_pool_attachment.go:108.3,108.28 1 0
github.com/F5Networks/terraform-provider-bigip/bigip/resource_bigip_ltm_pool_attachment.go:128.3,130.17 3 0
github.com/F5Networks/terraform-provider-bigip/bigip/resource_bigip_ltm_pool_attachment.go:133.3,135.17 3 0
github.com/F5Networks/terraform-provider-bigip/bigip/resource_bigip_ltm_pool_attachment.go:138.3,138.13 1 0
github.com/F5Networks/terraform-provider-bigip/bigip/resource_bigip_ltm_pool_attachment.go:99.17,102.4 2 0
github.com/F5Networks/terraform-provider-bigip/bigip/resource_bigip_ltm_pool_attachment.go:103.19,107.4 3 0
github.com/F5Networks/terraform-provider-bigip/bigip/resource_bigip_ltm_pool_attachment.go:108.28,118.18 8 0
github.com/F5Networks/terraform-provider-bigip/bigip/resource_bigip_ltm_pool_attachment.go:121.4,122.18 2 0
github.com/F5Networks/terraform-provider-bigip/bigip/resource_bigip_ltm_pool_attachment.go:125.4,126.14 2 0
github.com/F5Networks/terraform-provider-bigip/bigip/resource_bigip_ltm_pool_attachment.go:118.18,120.5 1 0
github.com/F5Networks/terraform-provider-bigip/bigip/resource_bigip_ltm_pool_attachment.go:122.18,124.5 1 0
github.com/F5Networks/terraform-provider-bigip/bigip/resource_bigip_ltm_pool_attachment.go:130.17,132.4 1 0
github.com/F5Networks/terraform-provider-bigip/bigip/resource_bigip_ltm_pool_attachment.go:135.17,137.4 1 0
github.com/F5Networks/terraform-provider-bigip/bigip/resource_bigip_ltm_pool_attachment.go:139.8,147.25 5 0
github.com/F5Networks/terraform-provider-bigip/bigip/resource_bigip_ltm_pool_attachment.go:157.3,159.17 3 0
github.com/F5Networks/terraform-provider-bigip/bigip/resource_bigip_ltm_pool_attachment.go:162.3,164.17 3 0
github.com/F5Networks/terraform-provider-bigip/bigip/resource_bigip_ltm_pool_attachment.go:147.25,149.49 2 0
github.com/F5Networks/terraform-provider-bigip/bigip/resource_bigip_ltm_pool_attachment.go:154.4,155.43 2 0
github.com/F5Networks/terraform-provider-bigip/bigip/resource_bigip_ltm_pool_attachment.go:149.49,151.5 1 0
github.com/F5Networks/terraform-provider-bigip/bigip/resource_bigip_ltm_pool_attachment.go:151.10,153.5 1 0
github.com/F5Networks/terraform-provider-bigip/bigip/resource_bigip_ltm_pool_attachment.go:159.17,161.4 1 0
github.com/F5Networks/terraform-provider-bigip/bigip/resource_bigip_ltm_pool_attachment.go:164.17,166.4 1 0
github.com/F5Networks/terraform-provider-bigip/bigip/resource_bigip_ltm_pool_attachment.go:171.91,177.18 6 0
github.com/F5Networks/terraform-provider-bigip/bigip/resource_bigip_ltm_pool_attachment.go:251.2,251.52 1 0
github.com/F5Networks/terraform-provider-bigip/bigip/resource_bigip_ltm_pool_attachment.go:177.18,180.17 3 0
github.com/F5Networks/terraform-provider-bigip/bigip/resource_bigip_ltm_pool_attachment.go:183.3,183.19 1 0
github.com/F5Networks/terraform-provider-bigip/bigip/resource_bigip_ltm_pool_attachment.go:189.3,201.28 5 0
github.com/F5Networks/terraform-provider-bigip/bigip/resource_bigip_ltm_pool_attachment.go:212.3,214.17 3 0
github.com/F5Networks/terraform-provider-bigip/bigip/resource_bigip_ltm_pool_attachment.go:180.17,182.4 1 0
github.com/F5Networks/terraform-provider-bigip/bigip/resource_bigip_ltm_pool_attachment.go:183.19,187.4 3 0
github.com/F5Networks/terraform-provider-bigip/bigip/resource_bigip_ltm_pool_attachment.go:201.28,204.49 3 0
github.com/F5Networks/terraform-provider-bigip/bigip/resource_bigip_ltm_pool_attachment.go:209.4,210.43 2 0
github.com/F5Networks/terraform-provider-bigip/bigip/resource_bigip_ltm_pool_attachment.go:204.49,206.5 1 0
github.com/F5Networks/terraform-provider-bigip/bigip/resource_bigip_ltm_pool_attachment.go:206.10,208.5 1 0
github.com/F5Networks/terraform-provider-bigip/bigip/resource_bigip_ltm_pool_attachment.go:214.17,216.4 1 0
github.com/F5Networks/terraform-provider-bigip/bigip/resource_bigip_ltm_pool_attachment.go:217.8,235.25 9 0
github.com/F5Networks/terraform-provider-bigip/bigip/resource_bigip_ltm_pool_attachment.go:245.3,247.17 3 0
github.com/F5Networks/terraform-provider-bigip/bigip/resource_bigip_ltm_pool_attachment.go:235.25,237.49 2 0
github.com/F5Networks/terraform-provider-bigip/bigip/resource_bigip_ltm_pool_attachment.go:242.4,243.43 2 0
github.com/F5Networks/terraform-provider-bigip/bigip/resource_bigip_ltm_pool_attachment.go:237.49,239.5 1 0
github.com/F5Networks/terraform-provider-bigip/bigip/resource_bigip_ltm_pool_attachment.go:239.10,241.5 1 0
github.com/F5Networks/terraform-provider-bigip/bigip/resource_bigip_ltm_pool_attachment.go:247.17,249.4 1 0
github.com/F5Networks/terraform-provider-bigip/bigip/resource_bigip_ltm_pool_attachment.go:254.89,261.18 7 0
github.com/F5Networks/terraform-provider-bigip/bigip/resource_bigip_ltm_pool_attachment.go:268.2,271.16 3 0
github.com/F5Networks/terraform-provider-bigip/bigip/resource_bigip_ltm_pool_attachment.go:275.2,275.17 1 0
github.com/F5Networks/terraform-provider-bigip/bigip/resource_bigip_ltm_pool_attachment.go:280.2,281.16 2 0
github.com/F5Networks/terraform-provider-bigip/bigip/resource_bigip_ltm_pool_attachment.go:284.2,284.18 1 0
github.com/F5Networks/terraform-provider-bigip/bigip/resource_bigip_ltm_pool_attachment.go:290.2,292.18 2 0
github.com/F5Networks/terraform-provider-bigip/bigip/resource_bigip_ltm_pool_attachment.go:311.2,311.12 1 0
github.com/F5Networks/terraform-provider-bigip/bigip/resource_bigip_ltm_pool_attachment.go:315.2,315.12 1 0
github.com/F5Networks/terraform-provider-bigip/bigip/resource_bigip_ltm_pool_attachment.go:261.18,263.3 1 0
github.com/F5Networks/terraform-provider-bigip/bigip/resource_bigip_ltm_pool_attachment.go:263.8,265.3 1 0
github.com/F5Networks/terraform-provider-bigip/bigip/resource_bigip_ltm_pool_attachment.go:271.16,274.3 2 0
github.com/F5Networks/terraform-provider-bigip/bigip/resource_bigip_ltm_pool_attachment.go:275.17,279.3 3 0
github.com/F5Networks/terraform-provider-bigip/bigip/resource_bigip_ltm_pool_attachment.go:281.16,283.3 1 0
github.com/F5Networks/terraform-provider-bigip/bigip/resource_bigip_ltm_pool_attachment.go:284.18,288.3 3 0
github.com/F5Networks/terraform-provider-bigip/bigip/resource_bigip_ltm_pool_attachment.go:292.18,293.42 1 0
github.com/F5Networks/terraform-provider-bigip/bigip/resource_bigip_ltm_pool_attachment.go:293.42,294.33 1 0
github.com/F5Networks/terraform-provider-bigip/bigip/resource_bigip_ltm_pool_attachment.go:294.33,297.10 3 0
github.com/F5Networks/terraform-provider-bigip/bigip/resource_bigip_ltm_pool_attachment.go:300.8,302.42 1 0
github.com/F5Networks/terraform-provider-bigip/bigip/resource_bigip_ltm_pool_attachment.go:302.42,303.29 1 0
github.com/F5Networks/terraform-provider-bigip/bigip/resource_bigip_ltm_pool_attachment.go:303.29,306.10 3 0
github.com/F5Networks/terraform-provider-bigip/bigip/resource_bigip_ltm_pool_attachment.go:311.12,314.3 2 0
github.com/F5Networks/terraform-provider-bigip/bigip/resource_bigip_ltm_pool_attachment.go:318.91,327.16 6 0
github.com/F5Networks/terraform-provider-bigip/bigip/resource_bigip_ltm_pool_attachment.go:331.2,332.12 2 0
github.com/F5Networks/terraform-provider-bigip/bigip/resource_bigip_ltm_pool_attachment.go:327.16,330.3 2 0
github.com/F5Networks/terraform-provider-bigip/bigip/resource_bigip_ltm_pool_attachment.go:335.117,339.62 3 0
github.com/F5Networks/terraform-provider-bigip/bigip/resource_bigip_ltm_pool_attachment.go:342.2,343.9 2 0
github.com/F5Networks/terraform-provider-bigip/bigip/resource_bigip_ltm_pool_attachment.go:346.2,347.9 2 0
github.com/F5Networks/terraform-provider-bigip/bigip/resource_bigip_ltm_pool_attachment.go:351.2,354.16 3 0
github.com/F5Networks/terraform-provider-bigip/bigip/resource_bigip_ltm_pool_attachment.go:357.2,357.17 1 0
github.com/F5Networks/terraform-provider-bigip/bigip/resource_bigip_ltm_pool_attachment.go:361.2,362.16 2 0
github.com/F5Networks/terraform-provider-bigip/bigip/resource_bigip_ltm_pool_attachment.go:367.2,368.41 2 0
github.com/F5Networks/terraform-provider-bigip/bigip/resource_bigip_ltm_pool_attachment.go:375.2,375.12 1 0
github.com/F5Networks/terraform-provider-bigip/bigip/resource_bigip_ltm_pool_attachment.go:379.2,384.39 4 0
github.com/F5Networks/terraform-provider-bigip/bigip/resource_bigip_ltm_pool_attachment.go:339.62,341.3 1 0
github.com/F5Networks/terraform-provider-bigip/bigip/resource_bigip_ltm_pool_attachment.go:343.9,345.3 1 0
github.com/F5Networks/terraform-provider-bigip/bigip/resource_bigip_ltm_pool_attachment.go:347.9,349.3 1 0
github.com/F5Networks/terraform-provider-bigip/bigip/resource_bigip_ltm_pool_attachment.go:354.16,356.3 1 0
github.com/F5Networks/terraform-provider-bigip/bigip/resource_bigip_ltm_pool_attachment.go:357.17,359.3 1 0
github.com/F5Networks/terraform-provider-bigip/bigip/resource_bigip_ltm_pool_attachment.go:362.16,364.3 1 0
github.com/F5Networks/terraform-provider-bigip/bigip/resource_bigip_ltm_pool_attachment.go:368.41,369.36 1 0
github.com/F5Networks/terraform-provider-bigip/bigip/resource_bigip_ltm_pool_attachment.go:369.36,371.9 2 0
github.com/F5Networks/terraform-provider-bigip/bigip/resource_bigip_ltm_pool_attachment.go:375.12,377.3 1 0
github.com/F5Networks/terraform-provider-bigip/bigip/resource_bigip_ltm_profile_fastl4.go:18.55,127.2 1 1
github.com/F5Networks/terraform-provider-bigip/bigip/resource_bigip_ltm_profile_fastl4.go:129.90,138.106 5 0
github.com/F5Networks/terraform-provider-bigip/bigip/resource_bigip_ltm_profile_fastl4.go:141.2,145.16 3 0
github.com/F5Networks/terraform-provider-bigip/bigip/resource_bigip_ltm_profile_fastl4.go:150.2,151.51 2 0
github.com/F5Networks/terraform-provider-bigip/bigip/resource_bigip_ltm_profile_fastl4.go:138.106,140.3 1 0
github.com/F5Networks/terraform-provider-bigip/bigip/resource_bigip_ltm_profile_fastl4.go:145.16,148.3 2 0
github.com/F5Networks/terraform-provider-bigip/bigip/resource_bigip_ltm_profile_fastl4.go:154.90,161.106 4 0
github.com/F5Networks/terraform-provider-bigip/bigip/resource_bigip_ltm_profile_fastl4.go:164.2,168.16 4 0
github.com/F5Networks/terraform-provider-bigip/bigip/resource_bigip_ltm_profile_fastl4.go:172.2,172.51 1 0
github.com/F5Networks/terraform-provider-bigip/bigip/resource_bigip_ltm_profile_fastl4.go:161.106,163.3 1 0
github.com/F5Networks/terraform-provider-bigip/bigip/resource_bigip_ltm_profile_fastl4.go:168.16,171.3 2 0
github.com/F5Networks/terraform-provider-bigip/bigip/resource_bigip_ltm_profile_fastl4.go:175.88,179.16 4 0
github.com/F5Networks/terraform-provider-bigip/bigip/resource_bigip_ltm_profile_fastl4.go:183.2,183.16 1 0
github.com/F5Networks/terraform-provider-bigip/bigip/resource_bigip_ltm_profile_fastl4.go:188.2,191.44 3 0
github.com/F5Networks/terraform-provider-bigip/bigip/resource_bigip_ltm_profile_fastl4.go:196.2,196.52 1 0
github.com/F5Networks/terraform-provider-bigip/bigip/resource_bigip_ltm_profile_fastl4.go:201.2,201.44 1 0
github.com/F5Networks/terraform-provider-bigip/bigip/resource_bigip_ltm_profile_fastl4.go:204.2,204.44 1 0
github.com/F5Networks/terraform-provider-bigip/bigip/resource_bigip_ltm_profile_fastl4.go:207.2,207.48 1 0
github.com/F5Networks/terraform-provider-bigip/bigip/resource_bigip_ltm_profile_fastl4.go:210.2,210.42 1 0
github.com/F5Networks/terraform-provider-bigip/bigip/resource_bigip_ltm_profile_fastl4.go:213.2,213.48 1 0
github.com/F5Networks/terraform-provider-bigip/bigip/resource_bigip_ltm_profile_fastl4.go:216.2,216.51 1 0
github.com/F5Networks/terraform-provider-bigip/bigip/resource_bigip_ltm_profile_fastl4.go:219.2,219.46 1 0
github.com/F5Networks/terraform-provider-bigip/bigip/resource_bigip_ltm_profile_fastl4.go:222.2,222.41 1 0
github.com/F5Networks/terraform-provider-bigip/bigip/resource_bigip_ltm_profile_fastl4.go:225.2,225.42 1 0
github.com/F5Networks/terraform-provider-bigip/bigip/resource_bigip_ltm_profile_fastl4.go:228.2,228.48 1 0
github.com/F5Networks/terraform-provider-bigip/bigip/resource_bigip_ltm_profile_fastl4.go:232.2,232.12 1 0
github.com/F5Networks/terraform-provider-bigip/bigip/resource_bigip_ltm_profile_fastl4.go:179.16,182.3 2 0
github.com/F5Networks/terraform-provider-bigip/bigip/resource_bigip_ltm_profile_fastl4.go:183.16,187.3 3 0
github.com/F5Networks/terraform-provider-bigip/bigip/resource_bigip_ltm_profile_fastl4.go:191.44,192.68 1 0
github.com/F5Networks/terraform-provider-bigip/bigip/resource_bigip_ltm_profile_fastl4.go:192.68,194.4 1 0
github.com/F5Networks/terraform-provider-bigip/bigip/resource_bigip_ltm_profile_fastl4.go:196.52,197.84 1 0
github.com/F5Networks/terraform-provider-bigip/bigip/resource_bigip_ltm_profile_fastl4.go:197.84,199.4 1 0
[...]
github.com/F5Networks/terraform-provider-bigip/bigip/resource_bigip_sys_snmp.go:103.16,106.3 2 0
github.com/F5Networks/terraform-provider-bigip/bigip/resource_bigip_sys_snmp.go:107.17,111.3 3 0
github.com/F5Networks/terraform-provider-bigip/bigip/resource_bigip_sys_snmp.go:112.62,114.3 1 0
github.com/F5Networks/terraform-provider-bigip/bigip/resource_bigip_sys_snmp.go:115.64,117.3 1 0
github.com/F5Networks/terraform-provider-bigip/bigip/resource_bigip_sys_snmp.go:118.73,120.3 1 0
github.com/F5Networks/terraform-provider-bigip/bigip/resource_bigip_sys_snmp.go:125.81,128.2 1 0
github.com/F5Networks/terraform-provider-bigip/bigip/datasource_bigip_ltm_monitor.go:16.51,106.2 1 1
github.com/F5Networks/terraform-provider-bigip/bigip/datasource_bigip_ltm_monitor.go:108.84,114.16 6 0
github.com/F5Networks/terraform-provider-bigip/bigip/datasource_bigip_ltm_monitor.go:118.2,118.21 1 0
github.com/F5Networks/terraform-provider-bigip/bigip/datasource_bigip_ltm_monitor.go:123.2,123.29 1 0
github.com/F5Networks/terraform-provider-bigip/bigip/datasource_bigip_ltm_monitor.go:146.2,146.12 1 0
github.com/F5Networks/terraform-provider-bigip/bigip/datasource_bigip_ltm_monitor.go:114.16,117.3 2 0
github.com/F5Networks/terraform-provider-bigip/bigip/datasource_bigip_ltm_monitor.go:118.21,122.3 3 0
github.com/F5Networks/terraform-provider-bigip/bigip/datasource_bigip_ltm_monitor.go:123.29,124.25 1 0
github.com/F5Networks/terraform-provider-bigip/bigip/datasource_bigip_ltm_monitor.go:124.25,144.4 19 0
github.com/F5Networks/terraform-provider-bigip/bigip/resource_bigip_ltm_snat.go:17.46,108.2 1 1
github.com/F5Networks/terraform-provider-bigip/bigip/resource_bigip_ltm_snat.go:110.81,117.16 6 0
github.com/F5Networks/terraform-provider-bigip/bigip/resource_bigip_ltm_snat.go:121.2,122.42 2 0
github.com/F5Networks/terraform-provider-bigip/bigip/resource_bigip_ltm_snat.go:117.16,120.3 2 0
github.com/F5Networks/terraform-provider-bigip/bigip/resource_bigip_ltm_snat.go:125.79,131.16 5 0
github.com/F5Networks/terraform-provider-bigip/bigip/resource_bigip_ltm_snat.go:135.2,135.14 1 0
github.com/F5Networks/terraform-provider-bigip/bigip/resource_bigip_ltm_snat.go:140.2,141.60 2 0
github.com/F5Networks/terraform-provider-bigip/bigip/resource_bigip_ltm_snat.go:144.2,145.58 2 0
github.com/F5Networks/terraform-provider-bigip/bigip/resource_bigip_ltm_snat.go:148.2,148.60 1 0
github.com/F5Networks/terraform-provider-bigip/bigip/resource_bigip_ltm_snat.go:151.2,151.54 1 0
github.com/F5Networks/terraform-provider-bigip/bigip/resource_bigip_ltm_snat.go:154.2,154.25 1 0
github.com/F5Networks/terraform-provider-bigip/bigip/resource_bigip_ltm_snat.go:131.16,134.3 2 0
github.com/F5Networks/terraform-provider-bigip/bigip/resource_bigip_ltm_snat.go:135.14,139.3 3 0
github.com/F5Networks/terraform-provider-bigip/bigip/resource_bigip_ltm_snat.go:141.60,143.3 1 0
github.com/F5Networks/terraform-provider-bigip/bigip/resource_bigip_ltm_snat.go:145.58,147.3 1 0
github.com/F5Networks/terraform-provider-bigip/bigip/resource_bigip_ltm_snat.go:148.60,150.3 1 0
github.com/F5Networks/terraform-provider-bigip/bigip/resource_bigip_ltm_snat.go:151.54,153.3 1 0
github.com/F5Networks/terraform-provider-bigip/bigip/resource_bigip_ltm_snat.go:157.81,163.16 6 0
github.com/F5Networks/terraform-provider-bigip/bigip/resource_bigip_ltm_snat.go:167.2,167.42 1 0
github.com/F5Networks/terraform-provider-bigip/bigip/resource_bigip_ltm_snat.go:163.16,166.3 2 0
github.com/F5Networks/terraform-provider-bigip/bigip/resource_bigip_ltm_snat.go:170.81,175.16 5 0
github.com/F5Networks/terraform-provider-bigip/bigip/resource_bigip_ltm_snat.go:179.2,180.12 2 0
github.com/F5Networks/terraform-provider-bigip/bigip/resource_bigip_ltm_snat.go:175.16,178.3 2 0
github.com/F5Networks/terraform-provider-bigip/bigip/resource_bigip_ltm_snat.go:183.65,193.35 10 0
github.com/F5Networks/terraform-provider-bigip/bigip/resource_bigip_ltm_snat.go:198.2,201.36 4 0
github.com/F5Networks/terraform-provider-bigip/bigip/resource_bigip_ltm_snat.go:207.2,207.10 1 0
github.com/F5Networks/terraform-provider-bigip/bigip/resource_bigip_ltm_snat.go:193.35,195.3 1 0
github.com/F5Networks/terraform-provider-bigip/bigip/resource_bigip_ltm_snat.go:195.8,197.3 1 0
github.com/F5Networks/terraform-provider-bigip/bigip/resource_bigip_ltm_snat.go:201.36,206.3 4 0
github.com/F5Networks/terraform-provider-bigip/bigip/resource_bigip_ltm_snat.go:210.62,216.21 6 0
github.com/F5Networks/terraform-provider-bigip/bigip/resource_bigip_ltm_snat.go:219.2,219.20 1 0
github.com/F5Networks/terraform-provider-bigip/bigip/resource_bigip_ltm_snat.go:222.2,222.48 1 0
github.com/F5Networks/terraform-provider-bigip/bigip/resource_bigip_ltm_snat.go:225.2,225.30 1 0
github.com/F5Networks/terraform-provider-bigip/bigip/resource_bigip_ltm_snat.go:229.2,229.12 1 0
github.com/F5Networks/terraform-provider-bigip/bigip/resource_bigip_ltm_snat.go:216.21,218.3 1 0
github.com/F5Networks/terraform-provider-bigip/bigip/resource_bigip_ltm_snat.go:219.20,221.3 1 0
github.com/F5Networks/terraform-provider-bigip/bigip/resource_bigip_ltm_snat.go:222.48,224.3 1 0
github.com/F5Networks/terraform-provider-bigip/bigip/resource_bigip_ltm_snat.go:225.30,228.3 2 0
github.com/F5Networks/terraform-provider-bigip/bigip/resource_bigip_sys_iapp.go:17.46,216.2 1 1
github.com/F5Networks/terraform-provider-bigip/bigip/resource_bigip_sys_iapp.go:217.81,228.16 9 0
github.com/F5Networks/terraform-provider-bigip/bigip/resource_bigip_sys_iapp.go:232.2,233.42 2 0
github.com/F5Networks/terraform-provider-bigip/bigip/resource_bigip_sys_iapp.go:228.16,231.3 2 0
github.com/F5Networks/terraform-provider-bigip/bigip/resource_bigip_sys_iapp.go:236.81,242.16 6 0
github.com/F5Networks/terraform-provider-bigip/bigip/resource_bigip_sys_iapp.go:246.2,246.42 1 0
github.com/F5Networks/terraform-provider-bigip/bigip/resource_bigip_sys_iapp.go:242.16,245.3 2 0
github.com/F5Networks/terraform-provider-bigip/bigip/resource_bigip_sys_iapp.go:250.79,259.16 5 0
github.com/F5Networks/terraform-provider-bigip/bigip/resource_bigip_sys_iapp.go:263.2,263.14 1 0
github.com/F5Networks/terraform-provider-bigip/bigip/resource_bigip_sys_iapp.go:268.2,270.60 3 0
github.com/F5Networks/terraform-provider-bigip/bigip/resource_bigip_sys_iapp.go:273.2,273.65 1 0
github.com/F5Networks/terraform-provider-bigip/bigip/resource_bigip_sys_iapp.go:276.2,276.79 1 0
github.com/F5Networks/terraform-provider-bigip/bigip/resource_bigip_sys_iapp.go:279.2,279.82 1 0
github.com/F5Networks/terraform-provider-bigip/bigip/resource_bigip_sys_iapp.go:282.2,282.65 1 0
github.com/F5Networks/terraform-provider-bigip/bigip/resource_bigip_sys_iapp.go:285.2,285.71 1 0
github.com/F5Networks/terraform-provider-bigip/bigip/resource_bigip_sys_iapp.go:288.2,289.63 2 0
github.com/F5Networks/terraform-provider-bigip/bigip/resource_bigip_sys_iapp.go:292.2,296.12 5 0
github.com/F5Networks/terraform-provider-bigip/bigip/resource_bigip_sys_iapp.go:259.16,262.3 2 0
github.com/F5Networks/terraform-provider-bigip/bigip/resource_bigip_sys_iapp.go:263.14,267.3 3 0
github.com/F5Networks/terraform-provider-bigip/bigip/resource_bigip_sys_iapp.go:270.60,272.3 1 0
github.com/F5Networks/terraform-provider-bigip/bigip/resource_bigip_sys_iapp.go:273.65,275.3 1 0
github.com/F5Networks/terraform-provider-bigip/bigip/resource_bigip_sys_iapp.go:276.79,278.3 1 0
github.com/F5Networks/terraform-provider-bigip/bigip/resource_bigip_sys_iapp.go:279.82,281.3 1 0
github.com/F5Networks/terraform-provider-bigip/bigip/resource_bigip_sys_iapp.go:282.65,284.3 1 0
github.com/F5Networks/terraform-provider-bigip/bigip/resource_bigip_sys_iapp.go:285.71,287.3 1 0
github.com/F5Networks/terraform-provider-bigip/bigip/resource_bigip_sys_iapp.go:289.63,291.3 1 0
github.com/F5Networks/terraform-provider-bigip/bigip/resource_bigip_sys_iapp.go:299.81,303.16 4 0
github.com/F5Networks/terraform-provider-bigip/bigip/resource_bigip_sys_iapp.go:307.2,308.12 2 0
github.com/F5Networks/terraform-provider-bigip/bigip/resource_bigip_sys_iapp.go:303.16,306.3 2 0
github.com/F5Networks/terraform-provider-bigip/bigip/resource_bigip_sys_iapp.go:312.62,315.2 1 0
github.com/F5Networks/terraform-provider-bigip/bigip/resource_bigip_sys_iapp.go:317.52,322.16 4 0
github.com/F5Networks/terraform-provider-bigip/bigip/resource_bigip_sys_iapp.go:325.2,325.10 1 0
github.com/F5Networks/terraform-provider-bigip/bigip/resource_bigip_sys_iapp.go:322.16,324.3 1 0
github.com/F5Networks/terraform-provider-bigip/bigip/resource_bigip_sys_ntp.go:17.45,47.2 1 1
github.com/F5Networks/terraform-provider-bigip/bigip/resource_bigip_sys_ntp.go:49.80,62.16 7 0
github.com/F5Networks/terraform-provider-bigip/bigip/resource_bigip_sys_ntp.go:66.2,67.41 2 0
github.com/F5Networks/terraform-provider-bigip/bigip/resource_bigip_sys_ntp.go:62.16,65.3 2 0
github.com/F5Networks/terraform-provider-bigip/bigip/resource_bigip_sys_ntp.go:70.80,82.16 7 0
github.com/F5Networks/terraform-provider-bigip/bigip/resource_bigip_sys_ntp.go:86.2,86.41 1 0
github.com/F5Networks/terraform-provider-bigip/bigip/resource_bigip_sys_ntp.go:82.16,85.3 2 0
github.com/F5Networks/terraform-provider-bigip/bigip/resource_bigip_sys_ntp.go:89.78,97.16 5 0
github.com/F5Networks/terraform-provider-bigip/bigip/resource_bigip_sys_ntp.go:101.2,101.16 1 0
github.com/F5Networks/terraform-provider-bigip/bigip/resource_bigip_sys_ntp.go:107.2,107.62 1 0
github.com/F5Networks/terraform-provider-bigip/bigip/resource_bigip_sys_ntp.go:110.2,110.54 1 0
github.com/F5Networks/terraform-provider-bigip/bigip/resource_bigip_sys_ntp.go:113.2,113.56 1 0
github.com/F5Networks/terraform-provider-bigip/bigip/resource_bigip_sys_ntp.go:117.2,117.12 1 0
github.com/F5Networks/terraform-provider-bigip/bigip/resource_bigip_sys_ntp.go:97.16,100.3 2 0
github.com/F5Networks/terraform-provider-bigip/bigip/resource_bigip_sys_ntp.go:101.16,105.3 3 0
github.com/F5Networks/terraform-provider-bigip/bigip/resource_bigip_sys_ntp.go:107.62,109.3 1 0
github.com/F5Networks/terraform-provider-bigip/bigip/resource_bigip_sys_ntp.go:110.54,112.3 1 0
github.com/F5Networks/terraform-provider-bigip/bigip/resource_bigip_sys_ntp.go:113.56,115.3 1 0
github.com/F5Networks/terraform-provider-bigip/bigip/resource_bigip_sys_ntp.go:120.80,130.16 6 0
github.com/F5Networks/terraform-provider-bigip/bigip/resource_bigip_sys_ntp.go:134.2,135.12 2 0
github.com/F5Networks/terraform-provider-bigip/bigip/resource_bigip_sys_ntp.go:130.16,133.3 2 0
github.com/F5Networks/terraform-provider-bigip/bigip/resource_bigip_sys_ntp.go:138.76,142.2 3 0
github.com/F5Networks/terraform-provider-bigip/bigip/resource_bigip_cm_devicegroup.go:17.52,105.2 1 1
github.com/F5Networks/terraform-provider-bigip/bigip/resource_bigip_cm_devicegroup.go:107.87,118.16 8 0
github.com/F5Networks/terraform-provider-bigip/bigip/resource_bigip_cm_devicegroup.go:122.2,123.48 2 0
github.com/F5Networks/terraform-provider-bigip/bigip/resource_bigip_cm_devicegroup.go:118.16,121.3 2 0
github.com/F5Networks/terraform-provider-bigip/bigip/resource_bigip_cm_devicegroup.go:126.87,132.16 6 0
github.com/F5Networks/terraform-provider-bigip/bigip/resource_bigip_cm_devicegroup.go:136.2,136.48 1 0
github.com/F5Networks/terraform-provider-bigip/bigip/resource_bigip_cm_devicegroup.go:132.16,135.3 2 0
github.com/F5Networks/terraform-provider-bigip/bigip/resource_bigip_cm_devicegroup.go:139.85,146.35 5 0
github.com/F5Networks/terraform-provider-bigip/bigip/resource_bigip_cm_devicegroup.go:156.2,157.16 2 0
github.com/F5Networks/terraform-provider-bigip/bigip/resource_bigip_cm_devicegroup.go:162.2,162.14 1 0
github.com/F5Networks/terraform-provider-bigip/bigip/resource_bigip_cm_devicegroup.go:167.2,169.55 3 0
github.com/F5Networks/terraform-provider-bigip/bigip/resource_bigip_cm_devicegroup.go:173.2,173.46 1 0
github.com/F5Networks/terraform-provider-bigip/bigip/resource_bigip_cm_devicegroup.go:176.2,180.12 5 0
github.com/F5Networks/terraform-provider-bigip/bigip/resource_bigip_cm_devicegroup.go:146.35,151.68 5 0
github.com/F5Networks/terraform-provider-bigip/bigip/resource_bigip_cm_devicegroup.go:151.68,153.4 1 0
github.com/F5Networks/terraform-provider-bigip/bigip/resource_bigip_cm_devicegroup.go:157.16,160.3 2 0
github.com/F5Networks/terraform-provider-bigip/bigip/resource_bigip_cm_devicegroup.go:162.14,166.3 3 0
github.com/F5Networks/terraform-provider-bigip/bigip/resource_bigip_cm_devicegroup.go:169.55,171.3 1 0
github.com/F5Networks/terraform-provider-bigip/bigip/resource_bigip_cm_devicegroup.go:173.46,175.3 1 0
github.com/F5Networks/terraform-provider-bigip/bigip/resource_bigip_cm_devicegroup.go:184.87,188.35 4 0
github.com/F5Networks/terraform-provider-bigip/bigip/resource_bigip_cm_devicegroup.go:201.2,202.16 2 0
github.com/F5Networks/terraform-provider-bigip/bigip/resource_bigip_cm_devicegroup.go:206.2,207.12 2 0
github.com/F5Networks/terraform-provider-bigip/bigip/resource_bigip_cm_devicegroup.go:188.35,194.17 6 0
github.com/F5Networks/terraform-provider-bigip/bigip/resource_bigip_cm_devicegroup.go:194.17,197.4 2 0
github.com/F5Networks/terraform-provider-bigip/bigip/resource_bigip_cm_devicegroup.go:202.16,205.3 2 0
github.com/F5Networks/terraform-provider-bigip/bigip/resource_bigip_cm_devicegroup.go:210.79,224.35 13 0
github.com/F5Networks/terraform-provider-bigip/bigip/resource_bigip_cm_devicegroup.go:232.2,232.10 1 0
github.com/F5Networks/terraform-provider-bigip/bigip/resource_bigip_cm_devicegroup.go:224.35,230.3 5 0
github.com/F5Networks/terraform-provider-bigip/bigip/resource_bigip_cm_devicegroup.go:235.76,246.30 10 0
github.com/F5Networks/terraform-provider-bigip/bigip/resource_bigip_cm_devicegroup.go:252.2,252.12 1 0
github.com/F5Networks/terraform-provider-bigip/bigip/resource_bigip_cm_devicegroup.go:246.30,251.3 3 0
github.com/F5Networks/terraform-provider-bigip/bigip/resource_bigip_ltm_profile_fasthttp.go:17.57,111.2 1 1
github.com/F5Networks/terraform-provider-bigip/bigip/resource_bigip_ltm_profile_fasthttp.go:113.92,144.16 16 0
github.com/F5Networks/terraform-provider-bigip/bigip/resource_bigip_ltm_profile_fasthttp.go:149.2,150.53 2 0
github.com/F5Networks/terraform-provider-bigip/bigip/resource_bigip_ltm_profile_fasthttp.go:144.16,147.3 2 0
github.com/F5Networks/terraform-provider-bigip/bigip/resource_bigip_ltm_profile_fasthttp.go:153.92,173.16 5 0
github.com/F5Networks/terraform-provider-bigip/bigip/resource_bigip_ltm_profile_fasthttp.go:177.2,177.53 1 0
github.com/F5Networks/terraform-provider-bigip/bigip/resource_bigip_ltm_profile_fasthttp.go:173.16,176.3 2 0
github.com/F5Networks/terraform-provider-bigip/bigip/resource_bigip_ltm_profile_fasthttp.go:181.90,185.16 4 0
github.com/F5Networks/terraform-provider-bigip/bigip/resource_bigip_ltm_profile_fasthttp.go:189.2,189.16 1 0
github.com/F5Networks/terraform-provider-bigip/bigip/resource_bigip_ltm_profile_fasthttp.go:194.2,195.43 2 0
github.com/F5Networks/terraform-provider-bigip/bigip/resource_bigip_ltm_profile_fasthttp.go:200.2,200.42 1 0
github.com/F5Networks/terraform-provider-bigip/bigip/resource_bigip_ltm_profile_fasthttp.go:205.2,205.58 1 0
github.com/F5Networks/terraform-provider-bigip/bigip/resource_bigip_ltm_profile_fasthttp.go:210.2,210.47 1 0
github.com/F5Networks/terraform-provider-bigip/bigip/resource_bigip_ltm_profile_fasthttp.go:216.2,216.46 1 0
github.com/F5Networks/terraform-provider-bigip/bigip/resource_bigip_ltm_profile_fasthttp.go:221.2,221.46 1 0
github.com/F5Networks/terraform-provider-bigip/bigip/resource_bigip_ltm_profile_fasthttp.go:226.2,226.48 1 0
github.com/F5Networks/terraform-provider-bigip/bigip/resource_bigip_ltm_profile_fasthttp.go:231.2,231.43 1 0
github.com/F5Networks/terraform-provider-bigip/bigip/resource_bigip_ltm_profile_fasthttp.go:236.2,236.50 1 0
github.com/F5Networks/terraform-provider-bigip/bigip/resource_bigip_ltm_profile_fasthttp.go:241.2,241.44 1 0
github.com/F5Networks/terraform-provider-bigip/bigip/resource_bigip_ltm_profile_fasthttp.go:246.2,246.12 1 0
github.com/F5Networks/terraform-provider-bigip/bigip/resource_bigip_ltm_profile_fasthttp.go:185.16,188.3 2 0
github.com/F5Networks/terraform-provider-bigip/bigip/resource_bigip_ltm_profile_fasthttp.go:189.16,193.3 3 0
github.com/F5Networks/terraform-provider-bigip/bigip/resource_bigip_ltm_profile_fasthttp.go:195.43,196.66 1 0
github.com/F5Networks/terraform-provider-bigip/bigip/resource_bigip_ltm_profile_fasthttp.go:196.66,198.4 1 0
github.com/F5Networks/terraform-provider-bigip/bigip/resource_bigip_ltm_profile_fasthttp.go:200.42,201.64 1 0
github.com/F5Networks/terraform-provider-bigip/bigip/resource_bigip_ltm_profile_fasthttp.go:201.64,203.4 1 0
github.com/F5Networks/terraform-provider-bigip/bigip/resource_bigip_ltm_profile_fasthttp.go:205.58,206.96 1 0
github.com/F5Networks/terraform-provider-bigip/bigip/resource_bigip_ltm_profile_fasthttp.go:206.96,208.4 1 0
github.com/F5Networks/terraform-provider-bigip/bigip/resource_bigip_ltm_profile_fasthttp.go:210.47,212.74 1 0
github.com/F5Networks/terraform-provider-bigip/bigip/resource_bigip_ltm_profile_fasthttp.go:212.74,214.4 1 0
github.com/F5Networks/terraform-provider-bigip/bigip/resource_bigip_ltm_profile_fasthttp.go:216.46,217.72 1 0
github.com/F5Networks/terraform-provider-bigip/bigip/resource_bigip_ltm_profile_fasthttp.go:217.72,219.4 1 0
github.com/F5Networks/terraform-provider-bigip/bigip/resource_bigip_ltm_profile_fasthttp.go:221.46,222.72 1 0
github.com/F5Networks/terraform-provider-bigip/bigip/resource_bigip_ltm_profile_fasthttp.go:222.72,224.4 1 0
github.com/F5Networks/terraform-provider-bigip/bigip/resource_bigip_ltm_profile_fasthttp.go:226.48,227.76 1 0
github.com/F5Networks/terraform-provider-bigip/bigip/resource_bigip_ltm_profile_fasthttp.go:227.76,229.4 1 0
github.com/F5Networks/terraform-provider-bigip/bigip/resource_bigip_ltm_profile_fasthttp.go:231.43,232.66 1 0
github.com/F5Networks/terraform-provider-bigip/bigip/resource_bigip_ltm_profile_fasthttp.go:232.66,234.4 1 0
github.com/F5Networks/terraform-provider-bigip/bigip/resource_bigip_ltm_profile_fasthttp.go:236.50,237.81 1 0
github.com/F5Networks/terraform-provider-bigip/bigip/resource_bigip_ltm_profile_fasthttp.go:237.81,239.4 1 0
github.com/F5Networks/terraform-provider-bigip/bigip/resource_bigip_ltm_profile_fasthttp.go:241.44,242.68 1 0
github.com/F5Networks/terraform-provider-bigip/bigip/resource_bigip_ltm_profile_fasthttp.go:242.68,244.4 1 0
github.com/F5Networks/terraform-provider-bigip/bigip/resource_bigip_ltm_profile_fasthttp.go:249.92,256.16 5 0
github.com/F5Networks/terraform-provider-bigip/bigip/resource_bigip_ltm_profile_fasthttp.go:260.2,261.12 2 0
github.com/F5Networks/terraform-provider-bigip/bigip/resource_bigip_ltm_profile_fasthttp.go:256.16,259.3 2 0
github.com/F5Networks/terraform-provider-bigip/bigip/config.go:18.57,27.79 4 1
github.com/F5Networks/terraform-provider-bigip/bigip/config.go:42.2,42.76 1 1
github.com/F5Networks/terraform-provider-bigip/bigip/config.go:68.2,68.20 1 0
github.com/F5Networks/terraform-provider-bigip/bigip/config.go:27.79,30.17 2 1
github.com/F5Networks/terraform-provider-bigip/bigip/config.go:30.17,33.4 2 0
github.com/F5Networks/terraform-provider-bigip/bigip/config.go:35.8,38.25 2 0
github.com/F5Networks/terraform-provider-bigip/bigip/config.go:38.25,40.4 1 0
github.com/F5Networks/terraform-provider-bigip/bigip/config.go:42.76,44.32 2 1
github.com/F5Networks/terraform-provider-bigip/bigip/config.go:63.3,64.17 2 1
github.com/F5Networks/terraform-provider-bigip/bigip/config.go:44.32,46.22 2 0
github.com/F5Networks/terraform-provider-bigip/bigip/config.go:49.4,50.18 2 0
github.com/F5Networks/terraform-provider-bigip/bigip/config.go:58.4,58.54 1 0
github.com/F5Networks/terraform-provider-bigip/bigip/config.go:61.4,61.54 1 0
github.com/F5Networks/terraform-provider-bigip/bigip/config.go:46.22,48.5 1 0
github.com/F5Networks/terraform-provider-bigip/bigip/config.go:50.18,53.5 1 0
github.com/F5Networks/terraform-provider-bigip/bigip/config.go:58.54,60.5 1 0
github.com/F5Networks/terraform-provider-bigip/bigip/config.go:64.17,66.4 1 1
